2022-12-29 12:36:52,514 [Worker-5: Loading available Gradle versions] INFO  o.e.b.c.i.u.g.PublishedGradleVersions - Gradle version information cache is up-to-date. Trying to read.
2022-12-29 12:40:13,520 [Worker-10: Import Getting Started Content] INFO  o.e.m.c.i.l.LifecycleMappingFactory - Using org.eclipse.m2e.jdt.JarLifecycleMapping lifecycle mapping for MavenProject: com.lcwd.gateway:ApiGateway:0.0.1-SNAPSHOT @ D:\MicroServices Project\ApiGateway\ApiGateway\pom.xml.
2022-12-29 12:40:15,022 [Worker-10: Import Getting Started Content] INFO  o.e.m.c.i.e.AbstractTransferListenerAdapter - Downloaded https://artifactory-oss.prod.netflix.net/artifactory/maven-oss-candidates/org/springframework/boot/spring-boot-starter-webflux/3.0.1/spring-boot-starter-webflux-3.0.1.pom
2022-12-29 12:40:15,794 [Worker-10: Import Getting Started Content] INFO  o.e.m.c.i.e.AbstractTransferListenerAdapter - Downloading https://repo.maven.apache.org/maven2/org/springframework/boot/spring-boot-starter-webflux/3.0.1/spring-boot-starter-webflux-3.0.1.pom
2022-12-29 12:40:16,040 [Worker-10: Import Getting Started Content] INFO  o.e.m.c.i.e.AbstractTransferListenerAdapter - Downloaded https://repo.maven.apache.org/maven2/org/springframework/boot/spring-boot-starter-webflux/3.0.1/spring-boot-starter-webflux-3.0.1.pom
2022-12-29 12:40:16,441 [Worker-10: Import Getting Started Content] INFO  o.e.m.c.i.e.AbstractTransferListenerAdapter - Downloaded https://artifactory-oss.prod.netflix.net/artifactory/maven-oss-candidates/org/springframework/boot/spring-boot-starter-reactor-netty/3.0.1/spring-boot-starter-reactor-netty-3.0.1.pom
2022-12-29 12:40:16,561 [Worker-10: Import Getting Started Content] INFO  o.e.m.c.i.e.AbstractTransferListenerAdapter - Downloading https://repo.maven.apache.org/maven2/org/springframework/boot/spring-boot-starter-reactor-netty/3.0.1/spring-boot-starter-reactor-netty-3.0.1.pom
2022-12-29 12:40:16,700 [Worker-10: Import Getting Started Content] INFO  o.e.m.c.i.e.AbstractTransferListenerAdapter - Downloaded https://repo.maven.apache.org/maven2/org/springframework/boot/spring-boot-starter-reactor-netty/3.0.1/spring-boot-starter-reactor-netty-3.0.1.pom
2022-12-29 12:40:16,973 [Worker-10: Import Getting Started Content] INFO  o.e.m.c.i.e.AbstractTransferListenerAdapter - Downloaded https://artifactory-oss.prod.netflix.net/artifactory/maven-oss-candidates/io/projectreactor/netty/reactor-netty-http/1.1.1/reactor-netty-http-1.1.1.pom
2022-12-29 12:40:17,099 [Worker-10: Import Getting Started Content] INFO  o.e.m.c.i.e.AbstractTransferListenerAdapter - Downloading https://repo.maven.apache.org/maven2/io/projectreactor/netty/reactor-netty-http/1.1.1/reactor-netty-http-1.1.1.pom
2022-12-29 12:40:17,232 [Worker-10: Import Getting Started Content] INFO  o.e.m.c.i.e.AbstractTransferListenerAdapter - Downloaded https://repo.maven.apache.org/maven2/io/projectreactor/netty/reactor-netty-http/1.1.1/reactor-netty-http-1.1.1.pom
2022-12-29 12:40:17,500 [Worker-10: Import Getting Started Content] INFO  o.e.m.c.i.e.AbstractTransferListenerAdapter - Downloaded https://artifactory-oss.prod.netflix.net/artifactory/maven-oss-candidates/io/netty/netty-codec-http/4.1.86.Final/netty-codec-http-4.1.86.Final.pom
2022-12-29 12:40:17,625 [Worker-10: Import Getting Started Content] INFO  o.e.m.c.i.e.AbstractTransferListenerAdapter - Downloading https://repo.maven.apache.org/maven2/io/netty/netty-codec-http/4.1.86.Final/netty-codec-http-4.1.86.Final.pom
2022-12-29 12:40:17,755 [Worker-10: Import Getting Started Content] INFO  o.e.m.c.i.e.AbstractTransferListenerAdapter - Downloaded https://repo.maven.apache.org/maven2/io/netty/netty-codec-http/4.1.86.Final/netty-codec-http-4.1.86.Final.pom
2022-12-29 12:40:18,018 [Worker-10: Import Getting Started Content] INFO  o.e.m.c.i.e.AbstractTransferListenerAdapter - Downloaded https://artifactory-oss.prod.netflix.net/artifactory/maven-oss-candidates/io/netty/netty-parent/4.1.86.Final/netty-parent-4.1.86.Final.pom
2022-12-29 12:40:18,143 [Worker-10: Import Getting Started Content] INFO  o.e.m.c.i.e.AbstractTransferListenerAdapter - Downloading https://repo.maven.apache.org/maven2/io/netty/netty-parent/4.1.86.Final/netty-parent-4.1.86.Final.pom
2022-12-29 12:40:18,437 [Worker-10: Import Getting Started Content] INFO  o.e.m.c.i.e.AbstractTransferListenerAdapter - Downloaded https://repo.maven.apache.org/maven2/io/netty/netty-parent/4.1.86.Final/netty-parent-4.1.86.Final.pom
2022-12-29 12:40:18,705 [Worker-10: Import Getting Started Content] INFO  o.e.m.c.i.e.AbstractTransferListenerAdapter - Downloaded https://artifactory-oss.prod.netflix.net/artifactory/maven-oss-candidates/io/netty/netty-common/4.1.86.Final/netty-common-4.1.86.Final.pom
2022-12-29 12:40:18,830 [Worker-10: Import Getting Started Content] INFO  o.e.m.c.i.e.AbstractTransferListenerAdapter - Downloading https://repo.maven.apache.org/maven2/io/netty/netty-common/4.1.86.Final/netty-common-4.1.86.Final.pom
2022-12-29 12:40:18,963 [Worker-10: Import Getting Started Content] INFO  o.e.m.c.i.e.AbstractTransferListenerAdapter - Downloaded https://repo.maven.apache.org/maven2/io/netty/netty-common/4.1.86.Final/netty-common-4.1.86.Final.pom
2022-12-29 12:40:19,229 [Worker-10: Import Getting Started Content] INFO  o.e.m.c.i.e.AbstractTransferListenerAdapter - Downloaded https://artifactory-oss.prod.netflix.net/artifactory/maven-oss-candidates/io/netty/netty-buffer/4.1.86.Final/netty-buffer-4.1.86.Final.pom
2022-12-29 12:40:19,355 [Worker-10: Import Getting Started Content] INFO  o.e.m.c.i.e.AbstractTransferListenerAdapter - Downloading https://repo.maven.apache.org/maven2/io/netty/netty-buffer/4.1.86.Final/netty-buffer-4.1.86.Final.pom
2022-12-29 12:40:19,484 [Worker-10: Import Getting Started Content] INFO  o.e.m.c.i.e.AbstractTransferListenerAdapter - Downloaded https://repo.maven.apache.org/maven2/io/netty/netty-buffer/4.1.86.Final/netty-buffer-4.1.86.Final.pom
2022-12-29 12:40:19,758 [Worker-10: Import Getting Started Content] INFO  o.e.m.c.i.e.AbstractTransferListenerAdapter - Downloaded https://artifactory-oss.prod.netflix.net/artifactory/maven-oss-candidates/io/netty/netty-transport/4.1.86.Final/netty-transport-4.1.86.Final.pom
2022-12-29 12:40:19,886 [Worker-10: Import Getting Started Content] INFO  o.e.m.c.i.e.AbstractTransferListenerAdapter - Downloading https://repo.maven.apache.org/maven2/io/netty/netty-transport/4.1.86.Final/netty-transport-4.1.86.Final.pom
2022-12-29 12:40:20,023 [Worker-10: Import Getting Started Content] INFO  o.e.m.c.i.e.AbstractTransferListenerAdapter - Downloaded https://repo.maven.apache.org/maven2/io/netty/netty-transport/4.1.86.Final/netty-transport-4.1.86.Final.pom
2022-12-29 12:40:20,287 [Worker-10: Import Getting Started Content] INFO  o.e.m.c.i.e.AbstractTransferListenerAdapter - Downloaded https://artifactory-oss.prod.netflix.net/artifactory/maven-oss-candidates/io/netty/netty-resolver/4.1.86.Final/netty-resolver-4.1.86.Final.pom
2022-12-29 12:40:20,412 [Worker-10: Import Getting Started Content] INFO  o.e.m.c.i.e.AbstractTransferListenerAdapter - Downloading https://repo.maven.apache.org/maven2/io/netty/netty-resolver/4.1.86.Final/netty-resolver-4.1.86.Final.pom
2022-12-29 12:40:20,554 [Worker-10: Import Getting Started Content] INFO  o.e.m.c.i.e.AbstractTransferListenerAdapter - Downloaded https://repo.maven.apache.org/maven2/io/netty/netty-resolver/4.1.86.Final/netty-resolver-4.1.86.Final.pom
2022-12-29 12:40:20,818 [Worker-10: Import Getting Started Content] INFO  o.e.m.c.i.e.AbstractTransferListenerAdapter - Downloaded https://artifactory-oss.prod.netflix.net/artifactory/maven-oss-candidates/io/netty/netty-codec/4.1.86.Final/netty-codec-4.1.86.Final.pom
2022-12-29 12:40:20,942 [Worker-10: Import Getting Started Content] INFO  o.e.m.c.i.e.AbstractTransferListenerAdapter - Downloading https://repo.maven.apache.org/maven2/io/netty/netty-codec/4.1.86.Final/netty-codec-4.1.86.Final.pom
2022-12-29 12:40:21,069 [Worker-10: Import Getting Started Content] INFO  o.e.m.c.i.e.AbstractTransferListenerAdapter - Downloaded https://repo.maven.apache.org/maven2/io/netty/netty-codec/4.1.86.Final/netty-codec-4.1.86.Final.pom
2022-12-29 12:40:21,335 [Worker-10: Import Getting Started Content] INFO  o.e.m.c.i.e.AbstractTransferListenerAdapter - Downloaded https://artifactory-oss.prod.netflix.net/artifactory/maven-oss-candidates/io/netty/netty-handler/4.1.86.Final/netty-handler-4.1.86.Final.pom
2022-12-29 12:40:21,459 [Worker-10: Import Getting Started Content] INFO  o.e.m.c.i.e.AbstractTransferListenerAdapter - Downloading https://repo.maven.apache.org/maven2/io/netty/netty-handler/4.1.86.Final/netty-handler-4.1.86.Final.pom
2022-12-29 12:40:21,588 [Worker-10: Import Getting Started Content] INFO  o.e.m.c.i.e.AbstractTransferListenerAdapter - Downloaded https://repo.maven.apache.org/maven2/io/netty/netty-handler/4.1.86.Final/netty-handler-4.1.86.Final.pom
2022-12-29 12:40:21,856 [Worker-10: Import Getting Started Content] INFO  o.e.m.c.i.e.AbstractTransferListenerAdapter - Downloaded https://artifactory-oss.prod.netflix.net/artifactory/maven-oss-candidates/io/netty/netty-transport-native-unix-common/4.1.86.Final/netty-transport-native-unix-common-4.1.86.Final.pom
2022-12-29 12:40:21,984 [Worker-10: Import Getting Started Content] INFO  o.e.m.c.i.e.AbstractTransferListenerAdapter - Downloading https://repo.maven.apache.org/maven2/io/netty/netty-transport-native-unix-common/4.1.86.Final/netty-transport-native-unix-common-4.1.86.Final.pom
2022-12-29 12:40:22,127 [Worker-10: Import Getting Started Content] INFO  o.e.m.c.i.e.AbstractTransferListenerAdapter - Downloaded https://repo.maven.apache.org/maven2/io/netty/netty-transport-native-unix-common/4.1.86.Final/netty-transport-native-unix-common-4.1.86.Final.pom
2022-12-29 12:40:22,402 [Worker-10: Import Getting Started Content] INFO  o.e.m.c.i.e.AbstractTransferListenerAdapter - Downloaded https://artifactory-oss.prod.netflix.net/artifactory/maven-oss-candidates/io/netty/netty-codec-http2/4.1.86.Final/netty-codec-http2-4.1.86.Final.pom
2022-12-29 12:40:22,531 [Worker-10: Import Getting Started Content] INFO  o.e.m.c.i.e.AbstractTransferListenerAdapter - Downloading https://repo.maven.apache.org/maven2/io/netty/netty-codec-http2/4.1.86.Final/netty-codec-http2-4.1.86.Final.pom
2022-12-29 12:40:22,661 [Worker-10: Import Getting Started Content] INFO  o.e.m.c.i.e.AbstractTransferListenerAdapter - Downloaded https://repo.maven.apache.org/maven2/io/netty/netty-codec-http2/4.1.86.Final/netty-codec-http2-4.1.86.Final.pom
2022-12-29 12:40:22,926 [Worker-10: Import Getting Started Content] INFO  o.e.m.c.i.e.AbstractTransferListenerAdapter - Downloaded https://artifactory-oss.prod.netflix.net/artifactory/maven-oss-candidates/io/netty/netty-resolver-dns/4.1.86.Final/netty-resolver-dns-4.1.86.Final.pom
2022-12-29 12:40:23,057 [Worker-10: Import Getting Started Content] INFO  o.e.m.c.i.e.AbstractTransferListenerAdapter - Downloading https://repo.maven.apache.org/maven2/io/netty/netty-resolver-dns/4.1.86.Final/netty-resolver-dns-4.1.86.Final.pom
2022-12-29 12:40:23,185 [Worker-10: Import Getting Started Content] INFO  o.e.m.c.i.e.AbstractTransferListenerAdapter - Downloaded https://repo.maven.apache.org/maven2/io/netty/netty-resolver-dns/4.1.86.Final/netty-resolver-dns-4.1.86.Final.pom
2022-12-29 12:40:23,449 [Worker-10: Import Getting Started Content] INFO  o.e.m.c.i.e.AbstractTransferListenerAdapter - Downloaded https://artifactory-oss.prod.netflix.net/artifactory/maven-oss-candidates/io/netty/netty-codec-dns/4.1.86.Final/netty-codec-dns-4.1.86.Final.pom
2022-12-29 12:40:23,574 [Worker-10: Import Getting Started Content] INFO  o.e.m.c.i.e.AbstractTransferListenerAdapter - Downloading https://repo.maven.apache.org/maven2/io/netty/netty-codec-dns/4.1.86.Final/netty-codec-dns-4.1.86.Final.pom
2022-12-29 12:40:23,700 [Worker-10: Import Getting Started Content] INFO  o.e.m.c.i.e.AbstractTransferListenerAdapter - Downloaded https://repo.maven.apache.org/maven2/io/netty/netty-codec-dns/4.1.86.Final/netty-codec-dns-4.1.86.Final.pom
2022-12-29 12:40:23,966 [Worker-10: Import Getting Started Content] INFO  o.e.m.c.i.e.AbstractTransferListenerAdapter - Downloaded https://artifactory-oss.prod.netflix.net/artifactory/maven-oss-candidates/io/netty/netty-resolver-dns-native-macos/4.1.86.Final/netty-resolver-dns-native-macos-4.1.86.Final.pom
2022-12-29 12:40:24,101 [Worker-10: Import Getting Started Content] INFO  o.e.m.c.i.e.AbstractTransferListenerAdapter - Downloading https://repo.maven.apache.org/maven2/io/netty/netty-resolver-dns-native-macos/4.1.86.Final/netty-resolver-dns-native-macos-4.1.86.Final.pom
2022-12-29 12:40:24,230 [Worker-10: Import Getting Started Content] INFO  o.e.m.c.i.e.AbstractTransferListenerAdapter - Downloaded https://repo.maven.apache.org/maven2/io/netty/netty-resolver-dns-native-macos/4.1.86.Final/netty-resolver-dns-native-macos-4.1.86.Final.pom
2022-12-29 12:40:24,497 [Worker-10: Import Getting Started Content] INFO  o.e.m.c.i.e.AbstractTransferListenerAdapter - Downloaded https://artifactory-oss.prod.netflix.net/artifactory/maven-oss-candidates/io/netty/netty-resolver-dns-classes-macos/4.1.86.Final/netty-resolver-dns-classes-macos-4.1.86.Final.pom
2022-12-29 12:40:24,624 [Worker-10: Import Getting Started Content] INFO  o.e.m.c.i.e.AbstractTransferListenerAdapter - Downloading https://repo.maven.apache.org/maven2/io/netty/netty-resolver-dns-classes-macos/4.1.86.Final/netty-resolver-dns-classes-macos-4.1.86.Final.pom
2022-12-29 12:40:24,752 [Worker-10: Import Getting Started Content] INFO  o.e.m.c.i.e.AbstractTransferListenerAdapter - Downloaded https://repo.maven.apache.org/maven2/io/netty/netty-resolver-dns-classes-macos/4.1.86.Final/netty-resolver-dns-classes-macos-4.1.86.Final.pom
2022-12-29 12:40:25,015 [Worker-10: Import Getting Started Content] INFO  o.e.m.c.i.e.AbstractTransferListenerAdapter - Downloaded https://artifactory-oss.prod.netflix.net/artifactory/maven-oss-candidates/io/netty/netty-transport-native-epoll/4.1.86.Final/netty-transport-native-epoll-4.1.86.Final.pom
2022-12-29 12:40:25,141 [Worker-10: Import Getting Started Content] INFO  o.e.m.c.i.e.AbstractTransferListenerAdapter - Downloading https://repo.maven.apache.org/maven2/io/netty/netty-transport-native-epoll/4.1.86.Final/netty-transport-native-epoll-4.1.86.Final.pom
2022-12-29 12:40:25,277 [Worker-10: Import Getting Started Content] INFO  o.e.m.c.i.e.AbstractTransferListenerAdapter - Downloaded https://repo.maven.apache.org/maven2/io/netty/netty-transport-native-epoll/4.1.86.Final/netty-transport-native-epoll-4.1.86.Final.pom
2022-12-29 12:40:25,543 [Worker-10: Import Getting Started Content] INFO  o.e.m.c.i.e.AbstractTransferListenerAdapter - Downloaded https://artifactory-oss.prod.netflix.net/artifactory/maven-oss-candidates/io/netty/netty-transport-classes-epoll/4.1.86.Final/netty-transport-classes-epoll-4.1.86.Final.pom
2022-12-29 12:40:25,672 [Worker-10: Import Getting Started Content] INFO  o.e.m.c.i.e.AbstractTransferListenerAdapter - Downloading https://repo.maven.apache.org/maven2/io/netty/netty-transport-classes-epoll/4.1.86.Final/netty-transport-classes-epoll-4.1.86.Final.pom
2022-12-29 12:40:25,798 [Worker-10: Import Getting Started Content] INFO  o.e.m.c.i.e.AbstractTransferListenerAdapter - Downloaded https://repo.maven.apache.org/maven2/io/netty/netty-transport-classes-epoll/4.1.86.Final/netty-transport-classes-epoll-4.1.86.Final.pom
2022-12-29 12:40:26,063 [Worker-10: Import Getting Started Content] INFO  o.e.m.c.i.e.AbstractTransferListenerAdapter - Downloaded https://artifactory-oss.prod.netflix.net/artifactory/maven-oss-candidates/io/projectreactor/netty/reactor-netty-core/1.1.1/reactor-netty-core-1.1.1.pom
2022-12-29 12:40:26,193 [Worker-10: Import Getting Started Content] INFO  o.e.m.c.i.e.AbstractTransferListenerAdapter - Downloading https://repo.maven.apache.org/maven2/io/projectreactor/netty/reactor-netty-core/1.1.1/reactor-netty-core-1.1.1.pom
2022-12-29 12:40:26,319 [Worker-10: Import Getting Started Content] INFO  o.e.m.c.i.e.AbstractTransferListenerAdapter - Downloaded https://repo.maven.apache.org/maven2/io/projectreactor/netty/reactor-netty-core/1.1.1/reactor-netty-core-1.1.1.pom
2022-12-29 12:40:26,583 [Worker-10: Import Getting Started Content] INFO  o.e.m.c.i.e.AbstractTransferListenerAdapter - Downloaded https://artifactory-oss.prod.netflix.net/artifactory/maven-oss-candidates/io/netty/netty-handler-proxy/4.1.86.Final/netty-handler-proxy-4.1.86.Final.pom
2022-12-29 12:40:26,708 [Worker-10: Import Getting Started Content] INFO  o.e.m.c.i.e.AbstractTransferListenerAdapter - Downloading https://repo.maven.apache.org/maven2/io/netty/netty-handler-proxy/4.1.86.Final/netty-handler-proxy-4.1.86.Final.pom
2022-12-29 12:40:26,840 [Worker-10: Import Getting Started Content] INFO  o.e.m.c.i.e.AbstractTransferListenerAdapter - Downloaded https://repo.maven.apache.org/maven2/io/netty/netty-handler-proxy/4.1.86.Final/netty-handler-proxy-4.1.86.Final.pom
2022-12-29 12:40:27,104 [Worker-10: Import Getting Started Content] INFO  o.e.m.c.i.e.AbstractTransferListenerAdapter - Downloaded https://artifactory-oss.prod.netflix.net/artifactory/maven-oss-candidates/io/netty/netty-codec-socks/4.1.86.Final/netty-codec-socks-4.1.86.Final.pom
2022-12-29 12:40:27,230 [Worker-10: Import Getting Started Content] INFO  o.e.m.c.i.e.AbstractTransferListenerAdapter - Downloading https://repo.maven.apache.org/maven2/io/netty/netty-codec-socks/4.1.86.Final/netty-codec-socks-4.1.86.Final.pom
2022-12-29 12:40:27,355 [Worker-10: Import Getting Started Content] INFO  o.e.m.c.i.e.AbstractTransferListenerAdapter - Downloaded https://repo.maven.apache.org/maven2/io/netty/netty-codec-socks/4.1.86.Final/netty-codec-socks-4.1.86.Final.pom
2022-12-29 12:40:27,627 [Worker-10: Import Getting Started Content] INFO  o.e.m.c.i.e.AbstractTransferListenerAdapter - Downloaded https://artifactory-oss.prod.netflix.net/artifactory/maven-oss-candidates/org/springframework/spring-webflux/6.0.3/spring-webflux-6.0.3.pom
2022-12-29 12:40:27,753 [Worker-10: Import Getting Started Content] INFO  o.e.m.c.i.e.AbstractTransferListenerAdapter - Downloading https://repo.maven.apache.org/maven2/org/springframework/spring-webflux/6.0.3/spring-webflux-6.0.3.pom
2022-12-29 12:40:27,880 [Worker-10: Import Getting Started Content] INFO  o.e.m.c.i.e.AbstractTransferListenerAdapter - Downloaded https://repo.maven.apache.org/maven2/org/springframework/spring-webflux/6.0.3/spring-webflux-6.0.3.pom
2022-12-29 12:40:28,231 [Worker-10: Import Getting Started Content] INFO  o.e.m.c.i.e.AbstractTransferListenerAdapter - Downloaded https://artifactory-oss.prod.netflix.net/artifactory/maven-oss-candidates/org/springframework/cloud/spring-cloud-starter-gateway/4.0.0/spring-cloud-starter-gateway-4.0.0.pom
2022-12-29 12:40:28,358 [Worker-10: Import Getting Started Content] INFO  o.e.m.c.i.e.AbstractTransferListenerAdapter - Downloading https://repo.maven.apache.org/maven2/org/springframework/cloud/spring-cloud-starter-gateway/4.0.0/spring-cloud-starter-gateway-4.0.0.pom
2022-12-29 12:40:28,486 [Worker-10: Import Getting Started Content] INFO  o.e.m.c.i.e.AbstractTransferListenerAdapter - Downloaded https://repo.maven.apache.org/maven2/org/springframework/cloud/spring-cloud-starter-gateway/4.0.0/spring-cloud-starter-gateway-4.0.0.pom
2022-12-29 12:40:28,753 [Worker-10: Import Getting Started Content] INFO  o.e.m.c.i.e.AbstractTransferListenerAdapter - Downloaded https://artifactory-oss.prod.netflix.net/artifactory/maven-oss-candidates/org/springframework/cloud/spring-cloud-gateway/4.0.0/spring-cloud-gateway-4.0.0.pom
2022-12-29 12:40:28,878 [Worker-10: Import Getting Started Content] INFO  o.e.m.c.i.e.AbstractTransferListenerAdapter - Downloading https://repo.maven.apache.org/maven2/org/springframework/cloud/spring-cloud-gateway/4.0.0/spring-cloud-gateway-4.0.0.pom
2022-12-29 12:40:29,014 [Worker-10: Import Getting Started Content] INFO  o.e.m.c.i.e.AbstractTransferListenerAdapter - Downloaded https://repo.maven.apache.org/maven2/org/springframework/cloud/spring-cloud-gateway/4.0.0/spring-cloud-gateway-4.0.0.pom
2022-12-29 12:40:29,294 [Worker-10: Import Getting Started Content] INFO  o.e.m.c.i.e.AbstractTransferListenerAdapter - Downloaded https://artifactory-oss.prod.netflix.net/artifactory/maven-oss-candidates/org/springframework/cloud/spring-cloud-gateway-server/4.0.0/spring-cloud-gateway-server-4.0.0.pom
2022-12-29 12:40:29,423 [Worker-10: Import Getting Started Content] INFO  o.e.m.c.i.e.AbstractTransferListenerAdapter - Downloading https://repo.maven.apache.org/maven2/org/springframework/cloud/spring-cloud-gateway-server/4.0.0/spring-cloud-gateway-server-4.0.0.pom
2022-12-29 12:40:29,549 [Worker-10: Import Getting Started Content] INFO  o.e.m.c.i.e.AbstractTransferListenerAdapter - Downloaded https://repo.maven.apache.org/maven2/org/springframework/cloud/spring-cloud-gateway-server/4.0.0/spring-cloud-gateway-server-4.0.0.pom
2022-12-29 12:40:29,818 [Worker-10: Import Getting Started Content] INFO  o.e.m.c.i.e.AbstractTransferListenerAdapter - Downloaded https://artifactory-oss.prod.netflix.net/artifactory/maven-oss-candidates/org/springframework/boot/spring-boot-starter-validation/3.0.1/spring-boot-starter-validation-3.0.1.pom
2022-12-29 12:40:29,942 [Worker-10: Import Getting Started Content] INFO  o.e.m.c.i.e.AbstractTransferListenerAdapter - Downloading https://repo.maven.apache.org/maven2/org/springframework/boot/spring-boot-starter-validation/3.0.1/spring-boot-starter-validation-3.0.1.pom
2022-12-29 12:40:30,071 [Worker-10: Import Getting Started Content] INFO  o.e.m.c.i.e.AbstractTransferListenerAdapter - Downloaded https://repo.maven.apache.org/maven2/org/springframework/boot/spring-boot-starter-validation/3.0.1/spring-boot-starter-validation-3.0.1.pom
2022-12-29 12:40:30,334 [Worker-10: Import Getting Started Content] INFO  o.e.m.c.i.e.AbstractTransferListenerAdapter - Downloaded https://artifactory-oss.prod.netflix.net/artifactory/maven-oss-candidates/org/hibernate/validator/hibernate-validator/8.0.0.Final/hibernate-validator-8.0.0.Final.pom
2022-12-29 12:40:30,457 [Worker-10: Import Getting Started Content] INFO  o.e.m.c.i.e.AbstractTransferListenerAdapter - Downloading https://repo.maven.apache.org/maven2/org/hibernate/validator/hibernate-validator/8.0.0.Final/hibernate-validator-8.0.0.Final.pom
2022-12-29 12:40:30,592 [Worker-10: Import Getting Started Content] INFO  o.e.m.c.i.e.AbstractTransferListenerAdapter - Downloaded https://repo.maven.apache.org/maven2/org/hibernate/validator/hibernate-validator/8.0.0.Final/hibernate-validator-8.0.0.Final.pom
2022-12-29 12:40:30,857 [Worker-10: Import Getting Started Content] INFO  o.e.m.c.i.e.AbstractTransferListenerAdapter - Downloaded https://artifactory-oss.prod.netflix.net/artifactory/maven-oss-candidates/org/hibernate/validator/hibernate-validator-parent/8.0.0.Final/hibernate-validator-parent-8.0.0.Final.pom
2022-12-29 12:40:30,991 [Worker-10: Import Getting Started Content] INFO  o.e.m.c.i.e.AbstractTransferListenerAdapter - Downloading https://repo.maven.apache.org/maven2/org/hibernate/validator/hibernate-validator-parent/8.0.0.Final/hibernate-validator-parent-8.0.0.Final.pom
2022-12-29 12:40:31,155 [Worker-10: Import Getting Started Content] INFO  o.e.m.c.i.e.AbstractTransferListenerAdapter - Downloaded https://repo.maven.apache.org/maven2/org/hibernate/validator/hibernate-validator-parent/8.0.0.Final/hibernate-validator-parent-8.0.0.Final.pom
2022-12-29 12:40:31,418 [Worker-10: Import Getting Started Content] INFO  o.e.m.c.i.e.AbstractTransferListenerAdapter - Downloaded https://artifactory-oss.prod.netflix.net/artifactory/maven-oss-candidates/org/jboss/arquillian/arquillian-bom/1.7.0.Alpha10/arquillian-bom-1.7.0.Alpha10.pom
2022-12-29 12:40:31,544 [Worker-10: Import Getting Started Content] INFO  o.e.m.c.i.e.AbstractTransferListenerAdapter - Downloading https://repo.maven.apache.org/maven2/org/jboss/arquillian/arquillian-bom/1.7.0.Alpha10/arquillian-bom-1.7.0.Alpha10.pom
2022-12-29 12:40:31,671 [Worker-10: Import Getting Started Content] INFO  o.e.m.c.i.e.AbstractTransferListenerAdapter - Downloaded https://repo.maven.apache.org/maven2/org/jboss/arquillian/arquillian-bom/1.7.0.Alpha10/arquillian-bom-1.7.0.Alpha10.pom
2022-12-29 12:40:31,935 [Worker-10: Import Getting Started Content] INFO  o.e.m.c.i.e.AbstractTransferListenerAdapter - Downloaded https://artifactory-oss.prod.netflix.net/artifactory/maven-oss-candidates/org/jboss/shrinkwrap/shrinkwrap-bom/1.2.6/shrinkwrap-bom-1.2.6.pom
2022-12-29 12:40:32,060 [Worker-10: Import Getting Started Content] INFO  o.e.m.c.i.e.AbstractTransferListenerAdapter - Downloading https://repo.maven.apache.org/maven2/org/jboss/shrinkwrap/shrinkwrap-bom/1.2.6/shrinkwrap-bom-1.2.6.pom
2022-12-29 12:40:32,187 [Worker-10: Import Getting Started Content] INFO  o.e.m.c.i.e.AbstractTransferListenerAdapter - Downloaded https://repo.maven.apache.org/maven2/org/jboss/shrinkwrap/shrinkwrap-bom/1.2.6/shrinkwrap-bom-1.2.6.pom
2022-12-29 12:40:32,452 [Worker-10: Import Getting Started Content] INFO  o.e.m.c.i.e.AbstractTransferListenerAdapter - Downloaded https://artifactory-oss.prod.netflix.net/artifactory/maven-oss-candidates/org/jboss/shrinkwrap/resolver/shrinkwrap-resolver-bom/3.1.4/shrinkwrap-resolver-bom-3.1.4.pom
2022-12-29 12:40:32,578 [Worker-10: Import Getting Started Content] INFO  o.e.m.c.i.e.AbstractTransferListenerAdapter - Downloading https://repo.maven.apache.org/maven2/org/jboss/shrinkwrap/resolver/shrinkwrap-resolver-bom/3.1.4/shrinkwrap-resolver-bom-3.1.4.pom
2022-12-29 12:40:32,702 [Worker-10: Import Getting Started Content] INFO  o.e.m.c.i.e.AbstractTransferListenerAdapter - Downloaded https://repo.maven.apache.org/maven2/org/jboss/shrinkwrap/resolver/shrinkwrap-resolver-bom/3.1.4/shrinkwrap-resolver-bom-3.1.4.pom
2022-12-29 12:40:32,964 [Worker-10: Import Getting Started Content] INFO  o.e.m.c.i.e.AbstractTransferListenerAdapter - Downloaded https://artifactory-oss.prod.netflix.net/artifactory/maven-oss-candidates/org/apache/maven/maven/3.6.3/maven-3.6.3.pom
2022-12-29 12:40:33,088 [Worker-10: Import Getting Started Content] INFO  o.e.m.c.i.e.AbstractTransferListenerAdapter - Downloading https://repo.maven.apache.org/maven2/org/apache/maven/maven/3.6.3/maven-3.6.3.pom
2022-12-29 12:40:33,225 [Worker-10: Import Getting Started Content] INFO  o.e.m.c.i.e.AbstractTransferListenerAdapter - Downloaded https://repo.maven.apache.org/maven2/org/apache/maven/maven/3.6.3/maven-3.6.3.pom
2022-12-29 12:40:33,493 [Worker-10: Import Getting Started Content] INFO  o.e.m.c.i.e.AbstractTransferListenerAdapter - Downloaded https://artifactory-oss.prod.netflix.net/artifactory/maven-oss-candidates/org/jboss/shrinkwrap/descriptors/shrinkwrap-descriptors-bom/2.0.0/shrinkwrap-descriptors-bom-2.0.0.pom
2022-12-29 12:40:33,616 [Worker-10: Import Getting Started Content] INFO  o.e.m.c.i.e.AbstractTransferListenerAdapter - Downloading https://repo.maven.apache.org/maven2/org/jboss/shrinkwrap/descriptors/shrinkwrap-descriptors-bom/2.0.0/shrinkwrap-descriptors-bom-2.0.0.pom
2022-12-29 12:40:33,742 [Worker-10: Import Getting Started Content] INFO  o.e.m.c.i.e.AbstractTransferListenerAdapter - Downloaded https://repo.maven.apache.org/maven2/org/jboss/shrinkwrap/descriptors/shrinkwrap-descriptors-bom/2.0.0/shrinkwrap-descriptors-bom-2.0.0.pom
2022-12-29 12:40:34,270 [Worker-10: Import Getting Started Content] INFO  o.e.m.c.i.e.AbstractTransferListenerAdapter - Downloaded https://artifactory-oss.prod.netflix.net/artifactory/maven-oss-candidates/io/projectreactor/reactor-test/3.5.1/reactor-test-3.5.1.pom
2022-12-29 12:40:34,394 [Worker-10: Import Getting Started Content] INFO  o.e.m.c.i.e.AbstractTransferListenerAdapter - Downloading https://repo.maven.apache.org/maven2/io/projectreactor/reactor-test/3.5.1/reactor-test-3.5.1.pom
2022-12-29 12:40:34,523 [Worker-10: Import Getting Started Content] INFO  o.e.m.c.i.e.AbstractTransferListenerAdapter - Downloaded https://repo.maven.apache.org/maven2/io/projectreactor/reactor-test/3.5.1/reactor-test-3.5.1.pom
2022-12-29 12:40:34,824 [AetherRepositoryConnector-artifactory-oss.prod.netflix.net-0-3] INFO  o.e.m.c.i.e.AbstractTransferListenerAdapter - Downloaded https://artifactory-oss.prod.netflix.net/artifactory/maven-oss-candidates/io/netty/netty-codec-http/4.1.86.Final/netty-codec-http-4.1.86.Final.jar
2022-12-29 12:40:35,084 [AetherRepositoryConnector-artifactory-oss.prod.netflix.net-0-3] INFO  o.e.m.c.i.e.AbstractTransferListenerAdapter - Downloaded https://artifactory-oss.prod.netflix.net/artifactory/maven-oss-candidates/io/netty/netty-buffer/4.1.86.Final/netty-buffer-4.1.86.Final.jar
2022-12-29 12:40:35,341 [AetherRepositoryConnector-artifactory-oss.prod.netflix.net-0-3] INFO  o.e.m.c.i.e.AbstractTransferListenerAdapter - Downloaded https://artifactory-oss.prod.netflix.net/artifactory/maven-oss-candidates/io/netty/netty-transport/4.1.86.Final/netty-transport-4.1.86.Final.jar
2022-12-29 12:40:35,599 [AetherRepositoryConnector-artifactory-oss.prod.netflix.net-0-3] INFO  o.e.m.c.i.e.AbstractTransferListenerAdapter - Downloaded https://artifactory-oss.prod.netflix.net/artifactory/maven-oss-candidates/io/netty/netty-codec/4.1.86.Final/netty-codec-4.1.86.Final.jar
2022-12-29 12:40:35,653 [AetherRepositoryConnector-artifactory-oss.prod.netflix.net-0-4] INFO  o.e.m.c.i.e.AbstractTransferListenerAdapter - Downloaded https://artifactory-oss.prod.netflix.net/artifactory/maven-oss-candidates/io/netty/netty-common/4.1.86.Final/netty-common-4.1.86.Final.jar
2022-12-29 12:40:35,858 [AetherRepositoryConnector-artifactory-oss.prod.netflix.net-0-3] INFO  o.e.m.c.i.e.AbstractTransferListenerAdapter - Downloaded https://artifactory-oss.prod.netflix.net/artifactory/maven-oss-candidates/io/netty/netty-handler/4.1.86.Final/netty-handler-4.1.86.Final.jar
2022-12-29 12:40:35,866 [AetherRepositoryConnector-artifactory-oss.prod.netflix.net-0-2] INFO  o.e.m.c.i.e.AbstractTransferListenerAdapter - Downloaded https://artifactory-oss.prod.netflix.net/artifactory/maven-oss-candidates/io/projectreactor/netty/reactor-netty-http/1.1.1/reactor-netty-http-1.1.1.jar
2022-12-29 12:40:35,906 [AetherRepositoryConnector-artifactory-oss.prod.netflix.net-0-1] INFO  o.e.m.c.i.e.AbstractTransferListenerAdapter - Downloaded https://artifactory-oss.prod.netflix.net/artifactory/maven-oss-candidates/org/springframework/boot/spring-boot-starter-reactor-netty/3.0.1/spring-boot-starter-reactor-netty-3.0.1.jar
2022-12-29 12:40:35,916 [AetherRepositoryConnector-artifactory-oss.prod.netflix.net-0-0] INFO  o.e.m.c.i.e.AbstractTransferListenerAdapter - Downloaded https://artifactory-oss.prod.netflix.net/artifactory/maven-oss-candidates/org/springframework/boot/spring-boot-starter-webflux/3.0.1/spring-boot-starter-webflux-3.0.1.jar
2022-12-29 12:40:35,918 [AetherRepositoryConnector-artifactory-oss.prod.netflix.net-0-4] INFO  o.e.m.c.i.e.AbstractTransferListenerAdapter - Downloaded https://artifactory-oss.prod.netflix.net/artifactory/maven-oss-candidates/io/netty/netty-codec-http2/4.1.86.Final/netty-codec-http2-4.1.86.Final.jar
2022-12-29 12:40:36,117 [AetherRepositoryConnector-artifactory-oss.prod.netflix.net-0-3] INFO  o.e.m.c.i.e.AbstractTransferListenerAdapter - Downloaded https://artifactory-oss.prod.netflix.net/artifactory/maven-oss-candidates/io/netty/netty-resolver-dns/4.1.86.Final/netty-resolver-dns-4.1.86.Final.jar
2022-12-29 12:40:36,118 [AetherRepositoryConnector-artifactory-oss.prod.netflix.net-0-2] INFO  o.e.m.c.i.e.AbstractTransferListenerAdapter - Downloaded https://artifactory-oss.prod.netflix.net/artifactory/maven-oss-candidates/io/netty/netty-resolver/4.1.86.Final/netty-resolver-4.1.86.Final.jar
2022-12-29 12:40:36,163 [AetherRepositoryConnector-artifactory-oss.prod.netflix.net-0-1] INFO  o.e.m.c.i.e.AbstractTransferListenerAdapter - Downloaded https://artifactory-oss.prod.netflix.net/artifactory/maven-oss-candidates/io/netty/netty-codec-dns/4.1.86.Final/netty-codec-dns-4.1.86.Final.jar
2022-12-29 12:40:36,178 [AetherRepositoryConnector-artifactory-oss.prod.netflix.net-0-0] INFO  o.e.m.c.i.e.AbstractTransferListenerAdapter - Downloaded https://artifactory-oss.prod.netflix.net/artifactory/maven-oss-candidates/io/netty/netty-resolver-dns-native-macos/4.1.86.Final/netty-resolver-dns-native-macos-4.1.86.Final-osx-x86_64.jar
2022-12-29 12:40:36,180 [AetherRepositoryConnector-artifactory-oss.prod.netflix.net-0-4] INFO  o.e.m.c.i.e.AbstractTransferListenerAdapter - Downloaded https://artifactory-oss.prod.netflix.net/artifactory/maven-oss-candidates/io/netty/netty-resolver-dns-classes-macos/4.1.86.Final/netty-resolver-dns-classes-macos-4.1.86.Final.jar
2022-12-29 12:40:36,369 [AetherRepositoryConnector-artifactory-oss.prod.netflix.net-0-2] INFO  o.e.m.c.i.e.AbstractTransferListenerAdapter - Downloaded https://artifactory-oss.prod.netflix.net/artifactory/maven-oss-candidates/io/netty/netty-transport-native-unix-common/4.1.86.Final/netty-transport-native-unix-common-4.1.86.Final.jar
2022-12-29 12:40:36,375 [AetherRepositoryConnector-artifactory-oss.prod.netflix.net-0-3] INFO  o.e.m.c.i.e.AbstractTransferListenerAdapter - Downloaded https://artifactory-oss.prod.netflix.net/artifactory/maven-oss-candidates/io/netty/netty-transport-native-epoll/4.1.86.Final/netty-transport-native-epoll-4.1.86.Final-linux-x86_64.jar
2022-12-29 12:40:36,421 [AetherRepositoryConnector-artifactory-oss.prod.netflix.net-0-1] INFO  o.e.m.c.i.e.AbstractTransferListenerAdapter - Downloaded https://artifactory-oss.prod.netflix.net/artifactory/maven-oss-candidates/io/netty/netty-transport-classes-epoll/4.1.86.Final/netty-transport-classes-epoll-4.1.86.Final.jar
2022-12-29 12:40:36,442 [AetherRepositoryConnector-artifactory-oss.prod.netflix.net-0-0] INFO  o.e.m.c.i.e.AbstractTransferListenerAdapter - Downloaded https://artifactory-oss.prod.netflix.net/artifactory/maven-oss-candidates/io/projectreactor/netty/reactor-netty-core/1.1.1/reactor-netty-core-1.1.1.jar
2022-12-29 12:40:36,446 [AetherRepositoryConnector-artifactory-oss.prod.netflix.net-0-4] INFO  o.e.m.c.i.e.AbstractTransferListenerAdapter - Downloaded https://artifactory-oss.prod.netflix.net/artifactory/maven-oss-candidates/io/netty/netty-handler-proxy/4.1.86.Final/netty-handler-proxy-4.1.86.Final.jar
2022-12-29 12:40:36,621 [AetherRepositoryConnector-artifactory-oss.prod.netflix.net-0-2] INFO  o.e.m.c.i.e.AbstractTransferListenerAdapter - Downloaded https://artifactory-oss.prod.netflix.net/artifactory/maven-oss-candidates/io/netty/netty-codec-socks/4.1.86.Final/netty-codec-socks-4.1.86.Final.jar
2022-12-29 12:40:36,634 [AetherRepositoryConnector-artifactory-oss.prod.netflix.net-0-3] INFO  o.e.m.c.i.e.AbstractTransferListenerAdapter - Downloaded https://artifactory-oss.prod.netflix.net/artifactory/maven-oss-candidates/org/springframework/spring-webflux/6.0.3/spring-webflux-6.0.3.jar
2022-12-29 12:40:36,678 [AetherRepositoryConnector-artifactory-oss.prod.netflix.net-0-1] INFO  o.e.m.c.i.e.AbstractTransferListenerAdapter - Downloaded https://artifactory-oss.prod.netflix.net/artifactory/maven-oss-candidates/org/springframework/cloud/spring-cloud-starter-gateway/4.0.0/spring-cloud-starter-gateway-4.0.0.jar
2022-12-29 12:40:36,707 [AetherRepositoryConnector-artifactory-oss.prod.netflix.net-0-0] INFO  o.e.m.c.i.e.AbstractTransferListenerAdapter - Downloaded https://artifactory-oss.prod.netflix.net/artifactory/maven-oss-candidates/org/springframework/cloud/spring-cloud-gateway-server/4.0.0/spring-cloud-gateway-server-4.0.0.jar
2022-12-29 12:40:36,711 [AetherRepositoryConnector-artifactory-oss.prod.netflix.net-0-4] INFO  o.e.m.c.i.e.AbstractTransferListenerAdapter - Downloaded https://artifactory-oss.prod.netflix.net/artifactory/maven-oss-candidates/org/springframework/boot/spring-boot-starter-validation/3.0.1/spring-boot-starter-validation-3.0.1.jar
2022-12-29 12:40:36,873 [AetherRepositoryConnector-artifactory-oss.prod.netflix.net-0-2] INFO  o.e.m.c.i.e.AbstractTransferListenerAdapter - Downloaded https://artifactory-oss.prod.netflix.net/artifactory/maven-oss-candidates/org/hibernate/validator/hibernate-validator/8.0.0.Final/hibernate-validator-8.0.0.Final.jar
2022-12-29 12:40:36,892 [AetherRepositoryConnector-artifactory-oss.prod.netflix.net-0-3] INFO  o.e.m.c.i.e.AbstractTransferListenerAdapter - Downloaded https://artifactory-oss.prod.netflix.net/artifactory/maven-oss-candidates/io/projectreactor/reactor-test/3.5.1/reactor-test-3.5.1.jar
2022-12-29 12:40:37,044 [AetherRepositoryConnector-repo.maven.apache.org-1-1] INFO  o.e.m.c.i.e.AbstractTransferListenerAdapter - Downloading https://repo.maven.apache.org/maven2/org/springframework/boot/spring-boot-starter-reactor-netty/3.0.1/spring-boot-starter-reactor-netty-3.0.1.jar
2022-12-29 12:40:37,165 [AetherRepositoryConnector-repo.maven.apache.org-1-0] INFO  o.e.m.c.i.e.AbstractTransferListenerAdapter - Downloading https://repo.maven.apache.org/maven2/org/springframework/boot/spring-boot-starter-webflux/3.0.1/spring-boot-starter-webflux-3.0.1.jar
2022-12-29 12:40:37,166 [AetherRepositoryConnector-repo.maven.apache.org-1-2] INFO  o.e.m.c.i.e.AbstractTransferListenerAdapter - Downloading https://repo.maven.apache.org/maven2/io/projectreactor/netty/reactor-netty-http/1.1.1/reactor-netty-http-1.1.1.jar
2022-12-29 12:40:37,172 [AetherRepositoryConnector-repo.maven.apache.org-1-4] INFO  o.e.m.c.i.e.AbstractTransferListenerAdapter - Downloading https://repo.maven.apache.org/maven2/io/netty/netty-common/4.1.86.Final/netty-common-4.1.86.Final.jar
2022-12-29 12:40:37,308 [AetherRepositoryConnector-repo.maven.apache.org-1-3] INFO  o.e.m.c.i.e.AbstractTransferListenerAdapter - Downloading https://repo.maven.apache.org/maven2/io/netty/netty-codec-http/4.1.86.Final/netty-codec-http-4.1.86.Final.jar
2022-12-29 12:40:37,423 [AetherRepositoryConnector-repo.maven.apache.org-1-0] INFO  o.e.m.c.i.e.AbstractTransferListenerAdapter - Downloaded https://repo.maven.apache.org/maven2/org/springframework/boot/spring-boot-starter-webflux/3.0.1/spring-boot-starter-webflux-3.0.1.jar
2022-12-29 12:40:37,423 [AetherRepositoryConnector-repo.maven.apache.org-1-1] INFO  o.e.m.c.i.e.AbstractTransferListenerAdapter - Downloaded https://repo.maven.apache.org/maven2/org/springframework/boot/spring-boot-starter-reactor-netty/3.0.1/spring-boot-starter-reactor-netty-3.0.1.jar
2022-12-29 12:40:37,825 [AetherRepositoryConnector-repo.maven.apache.org-1-1] INFO  o.e.m.c.i.e.AbstractTransferListenerAdapter - Downloading https://repo.maven.apache.org/maven2/io/netty/netty-buffer/4.1.86.Final/netty-buffer-4.1.86.Final.jar
2022-12-29 12:40:37,851 [AetherRepositoryConnector-repo.maven.apache.org-1-0] INFO  o.e.m.c.i.e.AbstractTransferListenerAdapter - Downloading https://repo.maven.apache.org/maven2/io/netty/netty-transport/4.1.86.Final/netty-transport-4.1.86.Final.jar
2022-12-29 12:40:37,998 [AetherRepositoryConnector-repo.maven.apache.org-1-2] INFO  o.e.m.c.i.e.AbstractTransferListenerAdapter - Downloaded https://repo.maven.apache.org/maven2/io/projectreactor/netty/reactor-netty-http/1.1.1/reactor-netty-http-1.1.1.jar
2022-12-29 12:40:37,998 [AetherRepositoryConnector-repo.maven.apache.org-1-3] INFO  o.e.m.c.i.e.AbstractTransferListenerAdapter - Downloaded https://repo.maven.apache.org/maven2/io/netty/netty-codec-http/4.1.86.Final/netty-codec-http-4.1.86.Final.jar
2022-12-29 12:40:37,998 [AetherRepositoryConnector-repo.maven.apache.org-1-4] INFO  o.e.m.c.i.e.AbstractTransferListenerAdapter - Downloaded https://repo.maven.apache.org/maven2/io/netty/netty-common/4.1.86.Final/netty-common-4.1.86.Final.jar
2022-12-29 12:40:38,076 [AetherRepositoryConnector-repo.maven.apache.org-1-1] INFO  o.e.m.c.i.e.AbstractTransferListenerAdapter - Downloaded https://repo.maven.apache.org/maven2/io/netty/netty-buffer/4.1.86.Final/netty-buffer-4.1.86.Final.jar
2022-12-29 12:40:38,199 [AetherRepositoryConnector-repo.maven.apache.org-1-2] INFO  o.e.m.c.i.e.AbstractTransferListenerAdapter - Downloading https://repo.maven.apache.org/maven2/io/netty/netty-codec-http2/4.1.86.Final/netty-codec-http2-4.1.86.Final.jar
2022-12-29 12:40:38,200 [AetherRepositoryConnector-repo.maven.apache.org-1-0] INFO  o.e.m.c.i.e.AbstractTransferListenerAdapter - Downloaded https://repo.maven.apache.org/maven2/io/netty/netty-transport/4.1.86.Final/netty-transport-4.1.86.Final.jar
2022-12-29 12:40:38,201 [AetherRepositoryConnector-repo.maven.apache.org-1-3] INFO  o.e.m.c.i.e.AbstractTransferListenerAdapter - Downloading https://repo.maven.apache.org/maven2/io/netty/netty-codec/4.1.86.Final/netty-codec-4.1.86.Final.jar
2022-12-29 12:40:38,213 [AetherRepositoryConnector-repo.maven.apache.org-1-4] INFO  o.e.m.c.i.e.AbstractTransferListenerAdapter - Downloading https://repo.maven.apache.org/maven2/io/netty/netty-handler/4.1.86.Final/netty-handler-4.1.86.Final.jar
2022-12-29 12:40:38,453 [AetherRepositoryConnector-repo.maven.apache.org-1-1] INFO  o.e.m.c.i.e.AbstractTransferListenerAdapter - Downloading https://repo.maven.apache.org/maven2/io/netty/netty-resolver-dns/4.1.86.Final/netty-resolver-dns-4.1.86.Final.jar
2022-12-29 12:40:38,498 [AetherRepositoryConnector-repo.maven.apache.org-1-0] INFO  o.e.m.c.i.e.AbstractTransferListenerAdapter - Downloading https://repo.maven.apache.org/maven2/io/netty/netty-resolver/4.1.86.Final/netty-resolver-4.1.86.Final.jar
2022-12-29 12:40:38,506 [AetherRepositoryConnector-repo.maven.apache.org-1-3] INFO  o.e.m.c.i.e.AbstractTransferListenerAdapter - Downloaded https://repo.maven.apache.org/maven2/io/netty/netty-codec/4.1.86.Final/netty-codec-4.1.86.Final.jar
2022-12-29 12:40:38,560 [AetherRepositoryConnector-repo.maven.apache.org-1-2] INFO  o.e.m.c.i.e.AbstractTransferListenerAdapter - Downloaded https://repo.maven.apache.org/maven2/io/netty/netty-codec-http2/4.1.86.Final/netty-codec-http2-4.1.86.Final.jar
2022-12-29 12:40:38,579 [AetherRepositoryConnector-repo.maven.apache.org-1-4] INFO  o.e.m.c.i.e.AbstractTransferListenerAdapter - Downloaded https://repo.maven.apache.org/maven2/io/netty/netty-handler/4.1.86.Final/netty-handler-4.1.86.Final.jar
2022-12-29 12:40:38,623 [AetherRepositoryConnector-repo.maven.apache.org-1-1] INFO  o.e.m.c.i.e.AbstractTransferListenerAdapter - Downloaded https://repo.maven.apache.org/maven2/io/netty/netty-resolver-dns/4.1.86.Final/netty-resolver-dns-4.1.86.Final.jar
2022-12-29 12:40:38,679 [AetherRepositoryConnector-repo.maven.apache.org-1-3] INFO  o.e.m.c.i.e.AbstractTransferListenerAdapter - Downloading https://repo.maven.apache.org/maven2/io/netty/netty-codec-dns/4.1.86.Final/netty-codec-dns-4.1.86.Final.jar
2022-12-29 12:40:38,691 [AetherRepositoryConnector-repo.maven.apache.org-1-0] INFO  o.e.m.c.i.e.AbstractTransferListenerAdapter - Downloaded https://repo.maven.apache.org/maven2/io/netty/netty-resolver/4.1.86.Final/netty-resolver-4.1.86.Final.jar
2022-12-29 12:40:38,697 [AetherRepositoryConnector-repo.maven.apache.org-1-2] INFO  o.e.m.c.i.e.AbstractTransferListenerAdapter - Downloading https://repo.maven.apache.org/maven2/io/netty/netty-resolver-dns-native-macos/4.1.86.Final/netty-resolver-dns-native-macos-4.1.86.Final-osx-x86_64.jar
2022-12-29 12:40:38,744 [AetherRepositoryConnector-repo.maven.apache.org-1-4] INFO  o.e.m.c.i.e.AbstractTransferListenerAdapter - Downloading https://repo.maven.apache.org/maven2/io/netty/netty-resolver-dns-classes-macos/4.1.86.Final/netty-resolver-dns-classes-macos-4.1.86.Final.jar
2022-12-29 12:40:38,802 [AetherRepositoryConnector-repo.maven.apache.org-1-1] INFO  o.e.m.c.i.e.AbstractTransferListenerAdapter - Downloading https://repo.maven.apache.org/maven2/io/netty/netty-transport-native-epoll/4.1.86.Final/netty-transport-native-epoll-4.1.86.Final-linux-x86_64.jar
2022-12-29 12:40:38,818 [AetherRepositoryConnector-repo.maven.apache.org-1-0] INFO  o.e.m.c.i.e.AbstractTransferListenerAdapter - Downloading https://repo.maven.apache.org/maven2/io/netty/netty-transport-native-unix-common/4.1.86.Final/netty-transport-native-unix-common-4.1.86.Final.jar
2022-12-29 12:40:38,828 [AetherRepositoryConnector-repo.maven.apache.org-1-3] INFO  o.e.m.c.i.e.AbstractTransferListenerAdapter - Downloaded https://repo.maven.apache.org/maven2/io/netty/netty-codec-dns/4.1.86.Final/netty-codec-dns-4.1.86.Final.jar
2022-12-29 12:40:38,866 [AetherRepositoryConnector-repo.maven.apache.org-1-2] INFO  o.e.m.c.i.e.AbstractTransferListenerAdapter - Downloaded https://repo.maven.apache.org/maven2/io/netty/netty-resolver-dns-native-macos/4.1.86.Final/netty-resolver-dns-native-macos-4.1.86.Final-osx-x86_64.jar
2022-12-29 12:40:38,922 [AetherRepositoryConnector-repo.maven.apache.org-1-4] INFO  o.e.m.c.i.e.AbstractTransferListenerAdapter - Downloaded https://repo.maven.apache.org/maven2/io/netty/netty-resolver-dns-classes-macos/4.1.86.Final/netty-resolver-dns-classes-macos-4.1.86.Final.jar
2022-12-29 12:40:38,942 [AetherRepositoryConnector-repo.maven.apache.org-1-1] INFO  o.e.m.c.i.e.AbstractTransferListenerAdapter - Downloaded https://repo.maven.apache.org/maven2/io/netty/netty-transport-native-epoll/4.1.86.Final/netty-transport-native-epoll-4.1.86.Final-linux-x86_64.jar
2022-12-29 12:40:38,984 [AetherRepositoryConnector-repo.maven.apache.org-1-3] INFO  o.e.m.c.i.e.AbstractTransferListenerAdapter - Downloading https://repo.maven.apache.org/maven2/io/netty/netty-transport-classes-epoll/4.1.86.Final/netty-transport-classes-epoll-4.1.86.Final.jar
2022-12-29 12:40:38,986 [AetherRepositoryConnector-repo.maven.apache.org-1-0] INFO  o.e.m.c.i.e.AbstractTransferListenerAdapter - Downloaded https://repo.maven.apache.org/maven2/io/netty/netty-transport-native-unix-common/4.1.86.Final/netty-transport-native-unix-common-4.1.86.Final.jar
2022-12-29 12:40:39,045 [AetherRepositoryConnector-repo.maven.apache.org-1-2] INFO  o.e.m.c.i.e.AbstractTransferListenerAdapter - Downloading https://repo.maven.apache.org/maven2/io/projectreactor/netty/reactor-netty-core/1.1.1/reactor-netty-core-1.1.1.jar
2022-12-29 12:40:39,119 [AetherRepositoryConnector-repo.maven.apache.org-1-4] INFO  o.e.m.c.i.e.AbstractTransferListenerAdapter - Downloading https://repo.maven.apache.org/maven2/io/netty/netty-handler-proxy/4.1.86.Final/netty-handler-proxy-4.1.86.Final.jar
2022-12-29 12:40:39,123 [AetherRepositoryConnector-repo.maven.apache.org-1-1] INFO  o.e.m.c.i.e.AbstractTransferListenerAdapter - Downloading https://repo.maven.apache.org/maven2/io/netty/netty-codec-socks/4.1.86.Final/netty-codec-socks-4.1.86.Final.jar
2022-12-29 12:40:39,142 [AetherRepositoryConnector-repo.maven.apache.org-1-0] INFO  o.e.m.c.i.e.AbstractTransferListenerAdapter - Downloading https://repo.maven.apache.org/maven2/org/springframework/spring-webflux/6.0.3/spring-webflux-6.0.3.jar
2022-12-29 12:40:39,342 [AetherRepositoryConnector-repo.maven.apache.org-1-1] INFO  o.e.m.c.i.e.AbstractTransferListenerAdapter - Downloaded https://repo.maven.apache.org/maven2/io/netty/netty-codec-socks/4.1.86.Final/netty-codec-socks-4.1.86.Final.jar
2022-12-29 12:40:39,342 [AetherRepositoryConnector-repo.maven.apache.org-1-2] INFO  o.e.m.c.i.e.AbstractTransferListenerAdapter - Downloaded https://repo.maven.apache.org/maven2/io/projectreactor/netty/reactor-netty-core/1.1.1/reactor-netty-core-1.1.1.jar
2022-12-29 12:40:39,342 [AetherRepositoryConnector-repo.maven.apache.org-1-4] INFO  o.e.m.c.i.e.AbstractTransferListenerAdapter - Downloaded https://repo.maven.apache.org/maven2/io/netty/netty-handler-proxy/4.1.86.Final/netty-handler-proxy-4.1.86.Final.jar
2022-12-29 12:40:39,342 [AetherRepositoryConnector-repo.maven.apache.org-1-3] INFO  o.e.m.c.i.e.AbstractTransferListenerAdapter - Downloaded https://repo.maven.apache.org/maven2/io/netty/netty-transport-classes-epoll/4.1.86.Final/netty-transport-classes-epoll-4.1.86.Final.jar
2022-12-29 12:40:39,463 [AetherRepositoryConnector-repo.maven.apache.org-1-2] INFO  o.e.m.c.i.e.AbstractTransferListenerAdapter - Downloading https://repo.maven.apache.org/maven2/org/springframework/cloud/spring-cloud-starter-gateway/4.0.0/spring-cloud-starter-gateway-4.0.0.jar
2022-12-29 12:40:39,584 [AetherRepositoryConnector-repo.maven.apache.org-1-4] INFO  o.e.m.c.i.e.AbstractTransferListenerAdapter - Downloading https://repo.maven.apache.org/maven2/org/springframework/boot/spring-boot-starter-validation/3.0.1/spring-boot-starter-validation-3.0.1.jar
2022-12-29 12:40:39,584 [AetherRepositoryConnector-repo.maven.apache.org-1-1] INFO  o.e.m.c.i.e.AbstractTransferListenerAdapter - Downloading https://repo.maven.apache.org/maven2/org/springframework/cloud/spring-cloud-gateway-server/4.0.0/spring-cloud-gateway-server-4.0.0.jar
2022-12-29 12:40:39,585 [AetherRepositoryConnector-repo.maven.apache.org-1-0] INFO  o.e.m.c.i.e.AbstractTransferListenerAdapter - Downloaded https://repo.maven.apache.org/maven2/org/springframework/spring-webflux/6.0.3/spring-webflux-6.0.3.jar
2022-12-29 12:40:39,677 [AetherRepositoryConnector-repo.maven.apache.org-1-3] INFO  o.e.m.c.i.e.AbstractTransferListenerAdapter - Downloading https://repo.maven.apache.org/maven2/org/hibernate/validator/hibernate-validator/8.0.0.Final/hibernate-validator-8.0.0.Final.jar
2022-12-29 12:40:39,882 [AetherRepositoryConnector-repo.maven.apache.org-1-0] INFO  o.e.m.c.i.e.AbstractTransferListenerAdapter - Downloading https://repo.maven.apache.org/maven2/io/projectreactor/reactor-test/3.5.1/reactor-test-3.5.1.jar
2022-12-29 12:40:39,886 [AetherRepositoryConnector-repo.maven.apache.org-1-4] INFO  o.e.m.c.i.e.AbstractTransferListenerAdapter - Downloaded https://repo.maven.apache.org/maven2/org/springframework/boot/spring-boot-starter-validation/3.0.1/spring-boot-starter-validation-3.0.1.jar
2022-12-29 12:40:39,886 [AetherRepositoryConnector-repo.maven.apache.org-1-2] INFO  o.e.m.c.i.e.AbstractTransferListenerAdapter - Downloaded https://repo.maven.apache.org/maven2/org/springframework/cloud/spring-cloud-starter-gateway/4.0.0/spring-cloud-starter-gateway-4.0.0.jar
2022-12-29 12:40:39,920 [AetherRepositoryConnector-repo.maven.apache.org-1-1] INFO  o.e.m.c.i.e.AbstractTransferListenerAdapter - Downloaded https://repo.maven.apache.org/maven2/org/springframework/cloud/spring-cloud-gateway-server/4.0.0/spring-cloud-gateway-server-4.0.0.jar
2022-12-29 12:40:40,154 [AetherRepositoryConnector-repo.maven.apache.org-1-0] INFO  o.e.m.c.i.e.AbstractTransferListenerAdapter - Downloaded https://repo.maven.apache.org/maven2/io/projectreactor/reactor-test/3.5.1/reactor-test-3.5.1.jar
2022-12-29 12:40:40,154 [AetherRepositoryConnector-repo.maven.apache.org-1-3] INFO  o.e.m.c.i.e.AbstractTransferListenerAdapter - Downloaded https://repo.maven.apache.org/maven2/org/hibernate/validator/hibernate-validator/8.0.0.Final/hibernate-validator-8.0.0.Final.jar
2022-12-29 12:40:40,988 [Worker-10: Import Getting Started Content] INFO  o.e.m.j.i.AbstractJavaProjectConfigurator - Adding source folder /ApiGateway/src/main/java
2022-12-29 12:40:40,989 [Worker-10: Import Getting Started Content] INFO  o.e.m.j.i.AbstractJavaProjectConfigurator - Adding resource folder /ApiGateway/src/main/resources
2022-12-29 12:40:40,992 [Worker-10: Import Getting Started Content] INFO  o.e.m.j.i.AbstractJavaProjectConfigurator - Adding resource folder /ApiGateway/src/main/resources
2022-12-29 12:40:40,997 [Worker-10: Import Getting Started Content] INFO  o.e.m.j.i.AbstractJavaProjectConfigurator - Adding source folder /ApiGateway/src/test/java
2022-12-29 12:40:42,718 [Worker-3: Download sources and javadoc] INFO  o.e.m.c.i.e.AbstractTransferListenerAdapter - Downloaded https://artifactory-oss.prod.netflix.net/artifactory/maven-oss-candidates/org/springframework/boot/spring-boot-starter-webflux/3.0.1/spring-boot-starter-webflux-3.0.1-sources.jar
2022-12-29 12:40:43,234 [Worker-3: Download sources and javadoc] INFO  o.e.m.c.i.e.AbstractTransferListenerAdapter - Downloading https://repo.maven.apache.org/maven2/org/springframework/boot/spring-boot-starter-webflux/3.0.1/spring-boot-starter-webflux-3.0.1-sources.jar
2022-12-29 12:40:43,490 [Worker-3: Download sources and javadoc] INFO  o.e.m.c.i.e.AbstractTransferListenerAdapter - Downloaded https://repo.maven.apache.org/maven2/org/springframework/boot/spring-boot-starter-webflux/3.0.1/spring-boot-starter-webflux-3.0.1-sources.jar
2022-12-29 12:40:43,492 [Worker-3: Download sources and javadoc] INFO  o.e.m.j.internal.DownloadSourcesJob - Downloaded sources for org.springframework.boot:spring-boot-starter-webflux:3.0.1
2022-12-29 12:40:44,582 [Worker-3: Download sources and javadoc] INFO  o.e.m.c.i.e.AbstractTransferListenerAdapter - Downloaded https://artifactory-oss.prod.netflix.net/artifactory/maven-oss-candidates/org/springframework/boot/spring-boot-starter-reactor-netty/3.0.1/spring-boot-starter-reactor-netty-3.0.1-sources.jar
2022-12-29 12:40:44,729 [Worker-10: Import Getting Started Content] INFO  o.e.m.c.i.p.ProjectConfigurationManager - Imported and configured 1 project(s) in 32 sec
2022-12-29 12:40:44,735 [Worker-10: Import Getting Started Content] INFO  o.e.m.c.i.p.ProjectConfigurationManager - Update started
2022-12-29 12:40:45,119 [Worker-3: Download sources and javadoc] INFO  o.e.m.c.i.e.AbstractTransferListenerAdapter - Downloading https://repo.maven.apache.org/maven2/org/springframework/boot/spring-boot-starter-reactor-netty/3.0.1/spring-boot-starter-reactor-netty-3.0.1-sources.jar
2022-12-29 12:40:45,183 [Worker-10: Import Getting Started Content] INFO  o.e.m.c.i.l.LifecycleMappingFactory - Using org.eclipse.m2e.jdt.JarLifecycleMapping lifecycle mapping for MavenProject: com.lcwd.gateway:ApiGateway:0.0.1-SNAPSHOT @ D:\MicroServices Project\ApiGateway\ApiGateway\pom.xml.
2022-12-29 12:40:45,384 [Worker-3: Download sources and javadoc] INFO  o.e.m.c.i.e.AbstractTransferListenerAdapter - Downloaded https://repo.maven.apache.org/maven2/org/springframework/boot/spring-boot-starter-reactor-netty/3.0.1/spring-boot-starter-reactor-netty-3.0.1-sources.jar
2022-12-29 12:40:45,386 [Worker-3: Download sources and javadoc] INFO  o.e.m.j.internal.DownloadSourcesJob - Downloaded sources for org.springframework.boot:spring-boot-starter-reactor-netty:3.0.1
2022-12-29 12:40:46,384 [Worker-10: Import Getting Started Content] INFO  o.e.m.j.i.AbstractJavaProjectConfigurator - Adding source folder /ApiGateway/src/main/java
2022-12-29 12:40:46,385 [Worker-10: Import Getting Started Content] INFO  o.e.m.j.i.AbstractJavaProjectConfigurator - Adding resource folder /ApiGateway/src/main/resources
2022-12-29 12:40:46,385 [Worker-10: Import Getting Started Content] INFO  o.e.m.j.i.AbstractJavaProjectConfigurator - Adding resource folder /ApiGateway/src/main/resources
2022-12-29 12:40:46,386 [Worker-10: Import Getting Started Content] INFO  o.e.m.j.i.AbstractJavaProjectConfigurator - Adding source folder /ApiGateway/src/test/java
2022-12-29 12:40:47,013 [Worker-3: Download sources and javadoc] INFO  o.e.m.c.i.e.AbstractTransferListenerAdapter - Downloaded https://artifactory-oss.prod.netflix.net/artifactory/maven-oss-candidates/io/projectreactor/netty/reactor-netty-http/1.1.1/reactor-netty-http-1.1.1-sources.jar
2022-12-29 12:40:47,184 [Worker-10: Import Getting Started Content] INFO  o.e.m.c.i.p.ProjectConfigurationManager - Update completed: 2 sec
2022-12-29 12:40:47,522 [Worker-3: Download sources and javadoc] INFO  o.e.m.c.i.e.AbstractTransferListenerAdapter - Downloading https://repo.maven.apache.org/maven2/io/projectreactor/netty/reactor-netty-http/1.1.1/reactor-netty-http-1.1.1-sources.jar
2022-12-29 12:40:47,913 [Worker-15: Building] INFO  o.a.m.s.f.DefaultMavenResourcesFiltering - Copying 1 resource
2022-12-29 12:40:47,938 [Worker-15: Building] INFO  o.a.m.s.f.DefaultMavenResourcesFiltering - Copying 0 resource
2022-12-29 12:40:47,945 [Worker-15: Building] INFO  o.a.m.s.f.DefaultMavenResourcesFiltering - skip non existing resourceDirectory D:\MicroServices Project\ApiGateway\ApiGateway\src\test\resources
2022-12-29 12:40:47,946 [Worker-3: Download sources and javadoc] INFO  o.e.m.c.i.e.AbstractTransferListenerAdapter - Downloaded https://repo.maven.apache.org/maven2/io/projectreactor/netty/reactor-netty-http/1.1.1/reactor-netty-http-1.1.1-sources.jar
2022-12-29 12:40:47,949 [Worker-3: Download sources and javadoc] INFO  o.e.m.j.internal.DownloadSourcesJob - Downloaded sources for io.projectreactor.netty:reactor-netty-http:1.1.1
2022-12-29 12:40:49,286 [Worker-3: Download sources and javadoc] INFO  o.e.m.c.i.e.AbstractTransferListenerAdapter - Downloaded https://artifactory-oss.prod.netflix.net/artifactory/maven-oss-candidates/io/netty/netty-codec-http/4.1.86.Final/netty-codec-http-4.1.86.Final-sources.jar
2022-12-29 12:40:49,791 [Worker-3: Download sources and javadoc] INFO  o.e.m.c.i.e.AbstractTransferListenerAdapter - Downloading https://repo.maven.apache.org/maven2/io/netty/netty-codec-http/4.1.86.Final/netty-codec-http-4.1.86.Final-sources.jar
2022-12-29 12:40:50,350 [Worker-3: Download sources and javadoc] INFO  o.e.m.c.i.e.AbstractTransferListenerAdapter - Downloaded https://repo.maven.apache.org/maven2/io/netty/netty-codec-http/4.1.86.Final/netty-codec-http-4.1.86.Final-sources.jar
2022-12-29 12:40:50,353 [Worker-3: Download sources and javadoc] INFO  o.e.m.j.internal.DownloadSourcesJob - Downloaded sources for io.netty:netty-codec-http:4.1.86.Final
2022-12-29 12:40:51,715 [Worker-3: Download sources and javadoc] INFO  o.e.m.c.i.e.AbstractTransferListenerAdapter - Downloaded https://artifactory-oss.prod.netflix.net/artifactory/maven-oss-candidates/io/netty/netty-common/4.1.86.Final/netty-common-4.1.86.Final-sources.jar
2022-12-29 12:40:52,235 [Worker-3: Download sources and javadoc] INFO  o.e.m.c.i.e.AbstractTransferListenerAdapter - Downloading https://repo.maven.apache.org/maven2/io/netty/netty-common/4.1.86.Final/netty-common-4.1.86.Final-sources.jar
2022-12-29 12:40:52,880 [Worker-3: Download sources and javadoc] INFO  o.e.m.c.i.e.AbstractTransferListenerAdapter - Downloaded https://repo.maven.apache.org/maven2/io/netty/netty-common/4.1.86.Final/netty-common-4.1.86.Final-sources.jar
2022-12-29 12:40:52,883 [Worker-3: Download sources and javadoc] INFO  o.e.m.j.internal.DownloadSourcesJob - Downloaded sources for io.netty:netty-common:4.1.86.Final
2022-12-29 12:40:53,975 [Worker-3: Download sources and javadoc] INFO  o.e.m.c.i.e.AbstractTransferListenerAdapter - Downloaded https://artifactory-oss.prod.netflix.net/artifactory/maven-oss-candidates/io/netty/netty-buffer/4.1.86.Final/netty-buffer-4.1.86.Final-sources.jar
2022-12-29 12:40:54,477 [Worker-3: Download sources and javadoc] INFO  o.e.m.c.i.e.AbstractTransferListenerAdapter - Downloading https://repo.maven.apache.org/maven2/io/netty/netty-buffer/4.1.86.Final/netty-buffer-4.1.86.Final-sources.jar
2022-12-29 12:40:54,892 [Worker-3: Download sources and javadoc] INFO  o.e.m.c.i.e.AbstractTransferListenerAdapter - Downloaded https://repo.maven.apache.org/maven2/io/netty/netty-buffer/4.1.86.Final/netty-buffer-4.1.86.Final-sources.jar
2022-12-29 12:40:54,894 [Worker-3: Download sources and javadoc] INFO  o.e.m.j.internal.DownloadSourcesJob - Downloaded sources for io.netty:netty-buffer:4.1.86.Final
2022-12-29 12:40:55,985 [Worker-3: Download sources and javadoc] INFO  o.e.m.c.i.e.AbstractTransferListenerAdapter - Downloaded https://artifactory-oss.prod.netflix.net/artifactory/maven-oss-candidates/io/netty/netty-transport/4.1.86.Final/netty-transport-4.1.86.Final-sources.jar
2022-12-29 12:40:56,488 [Worker-3: Download sources and javadoc] INFO  o.e.m.c.i.e.AbstractTransferListenerAdapter - Downloading https://repo.maven.apache.org/maven2/io/netty/netty-transport/4.1.86.Final/netty-transport-4.1.86.Final-sources.jar
2022-12-29 12:40:57,004 [Worker-3: Download sources and javadoc] INFO  o.e.m.c.i.e.AbstractTransferListenerAdapter - Downloaded https://repo.maven.apache.org/maven2/io/netty/netty-transport/4.1.86.Final/netty-transport-4.1.86.Final-sources.jar
2022-12-29 12:40:57,006 [Worker-3: Download sources and javadoc] INFO  o.e.m.j.internal.DownloadSourcesJob - Downloaded sources for io.netty:netty-transport:4.1.86.Final
2022-12-29 12:40:58,355 [Worker-3: Download sources and javadoc] INFO  o.e.m.c.i.e.AbstractTransferListenerAdapter - Downloaded https://artifactory-oss.prod.netflix.net/artifactory/maven-oss-candidates/io/netty/netty-codec/4.1.86.Final/netty-codec-4.1.86.Final-sources.jar
2022-12-29 12:40:58,867 [Worker-3: Download sources and javadoc] INFO  o.e.m.c.i.e.AbstractTransferListenerAdapter - Downloading https://repo.maven.apache.org/maven2/io/netty/netty-codec/4.1.86.Final/netty-codec-4.1.86.Final-sources.jar
2022-12-29 12:40:59,376 [Worker-3: Download sources and javadoc] INFO  o.e.m.c.i.e.AbstractTransferListenerAdapter - Downloaded https://repo.maven.apache.org/maven2/io/netty/netty-codec/4.1.86.Final/netty-codec-4.1.86.Final-sources.jar
2022-12-29 12:40:59,378 [Worker-3: Download sources and javadoc] INFO  o.e.m.j.internal.DownloadSourcesJob - Downloaded sources for io.netty:netty-codec:4.1.86.Final
2022-12-29 12:41:00,486 [Worker-3: Download sources and javadoc] INFO  o.e.m.c.i.e.AbstractTransferListenerAdapter - Downloaded https://artifactory-oss.prod.netflix.net/artifactory/maven-oss-candidates/io/netty/netty-handler/4.1.86.Final/netty-handler-4.1.86.Final-sources.jar
2022-12-29 12:41:01,009 [Worker-3: Download sources and javadoc] INFO  o.e.m.c.i.e.AbstractTransferListenerAdapter - Downloading https://repo.maven.apache.org/maven2/io/netty/netty-handler/4.1.86.Final/netty-handler-4.1.86.Final-sources.jar
2022-12-29 12:41:01,555 [Worker-3: Download sources and javadoc] INFO  o.e.m.c.i.e.AbstractTransferListenerAdapter - Downloaded https://repo.maven.apache.org/maven2/io/netty/netty-handler/4.1.86.Final/netty-handler-4.1.86.Final-sources.jar
2022-12-29 12:41:01,556 [Worker-3: Download sources and javadoc] INFO  o.e.m.j.internal.DownloadSourcesJob - Downloaded sources for io.netty:netty-handler:4.1.86.Final
2022-12-29 12:41:02,615 [Worker-3: Download sources and javadoc] INFO  o.e.m.c.i.e.AbstractTransferListenerAdapter - Downloaded https://artifactory-oss.prod.netflix.net/artifactory/maven-oss-candidates/io/netty/netty-codec-http2/4.1.86.Final/netty-codec-http2-4.1.86.Final-sources.jar
2022-12-29 12:41:03,120 [Worker-3: Download sources and javadoc] INFO  o.e.m.c.i.e.AbstractTransferListenerAdapter - Downloading https://repo.maven.apache.org/maven2/io/netty/netty-codec-http2/4.1.86.Final/netty-codec-http2-4.1.86.Final-sources.jar
2022-12-29 12:41:03,641 [Worker-3: Download sources and javadoc] INFO  o.e.m.c.i.e.AbstractTransferListenerAdapter - Downloaded https://repo.maven.apache.org/maven2/io/netty/netty-codec-http2/4.1.86.Final/netty-codec-http2-4.1.86.Final-sources.jar
2022-12-29 12:41:03,643 [Worker-3: Download sources and javadoc] INFO  o.e.m.j.internal.DownloadSourcesJob - Downloaded sources for io.netty:netty-codec-http2:4.1.86.Final
2022-12-29 12:41:05,004 [Worker-3: Download sources and javadoc] INFO  o.e.m.c.i.e.AbstractTransferListenerAdapter - Downloaded https://artifactory-oss.prod.netflix.net/artifactory/maven-oss-candidates/io/netty/netty-resolver-dns/4.1.86.Final/netty-resolver-dns-4.1.86.Final-sources.jar
2022-12-29 12:41:05,510 [Worker-3: Download sources and javadoc] INFO  o.e.m.c.i.e.AbstractTransferListenerAdapter - Downloading https://repo.maven.apache.org/maven2/io/netty/netty-resolver-dns/4.1.86.Final/netty-resolver-dns-4.1.86.Final-sources.jar
2022-12-29 12:41:05,814 [Worker-3: Download sources and javadoc] INFO  o.e.m.c.i.e.AbstractTransferListenerAdapter - Downloaded https://repo.maven.apache.org/maven2/io/netty/netty-resolver-dns/4.1.86.Final/netty-resolver-dns-4.1.86.Final-sources.jar
2022-12-29 12:41:05,814 [Worker-3: Download sources and javadoc] INFO  o.e.m.j.internal.DownloadSourcesJob - Downloaded sources for io.netty:netty-resolver-dns:4.1.86.Final
2022-12-29 12:41:07,129 [Worker-3: Download sources and javadoc] INFO  o.e.m.c.i.e.AbstractTransferListenerAdapter - Downloaded https://artifactory-oss.prod.netflix.net/artifactory/maven-oss-candidates/io/netty/netty-resolver/4.1.86.Final/netty-resolver-4.1.86.Final-sources.jar
2022-12-29 12:41:07,618 [Worker-3: Download sources and javadoc] INFO  o.e.m.c.i.e.AbstractTransferListenerAdapter - Downloading https://repo.maven.apache.org/maven2/io/netty/netty-resolver/4.1.86.Final/netty-resolver-4.1.86.Final-sources.jar
2022-12-29 12:41:07,859 [Worker-3: Download sources and javadoc] INFO  o.e.m.c.i.e.AbstractTransferListenerAdapter - Downloaded https://repo.maven.apache.org/maven2/io/netty/netty-resolver/4.1.86.Final/netty-resolver-4.1.86.Final-sources.jar
2022-12-29 12:41:07,861 [Worker-3: Download sources and javadoc] INFO  o.e.m.j.internal.DownloadSourcesJob - Downloaded sources for io.netty:netty-resolver:4.1.86.Final
2022-12-29 12:41:09,172 [Worker-3: Download sources and javadoc] INFO  o.e.m.c.i.e.AbstractTransferListenerAdapter - Downloaded https://artifactory-oss.prod.netflix.net/artifactory/maven-oss-candidates/io/netty/netty-codec-dns/4.1.86.Final/netty-codec-dns-4.1.86.Final-sources.jar
2022-12-29 12:41:09,661 [Worker-3: Download sources and javadoc] INFO  o.e.m.c.i.e.AbstractTransferListenerAdapter - Downloading https://repo.maven.apache.org/maven2/io/netty/netty-codec-dns/4.1.86.Final/netty-codec-dns-4.1.86.Final-sources.jar
2022-12-29 12:41:09,924 [Worker-3: Download sources and javadoc] INFO  o.e.m.c.i.e.AbstractTransferListenerAdapter - Downloaded https://repo.maven.apache.org/maven2/io/netty/netty-codec-dns/4.1.86.Final/netty-codec-dns-4.1.86.Final-sources.jar
2022-12-29 12:41:09,926 [Worker-3: Download sources and javadoc] INFO  o.e.m.j.internal.DownloadSourcesJob - Downloaded sources for io.netty:netty-codec-dns:4.1.86.Final
2022-12-29 12:41:11,000 [Worker-3: Download sources and javadoc] INFO  o.e.m.c.i.e.AbstractTransferListenerAdapter - Downloaded https://artifactory-oss.prod.netflix.net/artifactory/maven-oss-candidates/io/netty/netty-resolver-dns-native-macos/4.1.86.Final/netty-resolver-dns-native-macos-4.1.86.Final-sources.jar
2022-12-29 12:41:11,498 [Worker-3: Download sources and javadoc] INFO  o.e.m.c.i.e.AbstractTransferListenerAdapter - Downloaded https://repo.maven.apache.org/maven2/io/netty/netty-resolver-dns-native-macos/4.1.86.Final/netty-resolver-dns-native-macos-4.1.86.Final-sources.jar
2022-12-29 12:41:11,504 [Worker-3: Download sources and javadoc] ERROR o.e.m.j.internal.DownloadSourcesJob - Could not download sources for io.netty:netty-resolver-dns-native-macos:4.1.86.Finalosx-x86_64
org.eclipse.core.runtime.CoreException: Could not resolve artifact io.netty:netty-resolver-dns-native-macos:jar:sources:4.1.86.Final
	at org.eclipse.m2e.core.internal.embedder.MavenImpl.lambda$6(MavenImpl.java:608)
	at org.eclipse.m2e.core.internal.embedder.MavenExecutionContext.executeBare(MavenExecutionContext.java:350)
	at org.eclipse.m2e.core.internal.embedder.MavenExecutionContext.execute(MavenExecutionContext.java:219)
	at org.eclipse.m2e.core.internal.embedder.MavenExecutionContext.execute(MavenExecutionContext.java:205)
	at org.eclipse.m2e.core.internal.embedder.MavenImpl.resolve(MavenImpl.java:577)
	at org.eclipse.m2e.core.internal.embedder.MavenImpl.resolve(MavenImpl.java:562)
	at org.eclipse.m2e.jdt.internal.DownloadSourcesJob.download(DownloadSourcesJob.java:308)
	at org.eclipse.m2e.jdt.internal.DownloadSourcesJob.downloadAttachments(DownloadSourcesJob.java:282)
	at org.eclipse.m2e.jdt.internal.DownloadSourcesJob.downloadMaven(DownloadSourcesJob.java:252)
	at org.eclipse.m2e.jdt.internal.DownloadSourcesJob.downloadFilesAndPopulateToUpdate(DownloadSourcesJob.java:220)
	at org.eclipse.m2e.jdt.internal.DownloadSourcesJob.lambda$0(DownloadSourcesJob.java:149)
	at org.eclipse.m2e.core.internal.embedder.MavenExecutionContext.executeBare(MavenExecutionContext.java:350)
	at org.eclipse.m2e.core.internal.embedder.MavenExecutionContext.execute(MavenExecutionContext.java:262)
	at org.eclipse.m2e.core.internal.embedder.MavenExecutionContext.execute(MavenExecutionContext.java:205)
	at org.eclipse.m2e.core.embedder.IMaven.execute(IMaven.java:270)
	at org.eclipse.m2e.jdt.internal.DownloadSourcesJob.run(DownloadSourcesJob.java:149)
	at org.eclipse.core.internal.jobs.Worker.run(Worker.java:63)
2022-12-29 12:41:12,824 [Worker-3: Download sources and javadoc] INFO  o.e.m.c.i.e.AbstractTransferListenerAdapter - Downloaded https://artifactory-oss.prod.netflix.net/artifactory/maven-oss-candidates/io/netty/netty-resolver-dns-classes-macos/4.1.86.Final/netty-resolver-dns-classes-macos-4.1.86.Final-sources.jar
2022-12-29 12:41:13,341 [Worker-3: Download sources and javadoc] INFO  o.e.m.c.i.e.AbstractTransferListenerAdapter - Downloading https://repo.maven.apache.org/maven2/io/netty/netty-resolver-dns-classes-macos/4.1.86.Final/netty-resolver-dns-classes-macos-4.1.86.Final-sources.jar
2022-12-29 12:41:13,593 [Worker-3: Download sources and javadoc] INFO  o.e.m.c.i.e.AbstractTransferListenerAdapter - Downloaded https://repo.maven.apache.org/maven2/io/netty/netty-resolver-dns-classes-macos/4.1.86.Final/netty-resolver-dns-classes-macos-4.1.86.Final-sources.jar
2022-12-29 12:41:13,595 [Worker-3: Download sources and javadoc] INFO  o.e.m.j.internal.DownloadSourcesJob - Downloaded sources for io.netty:netty-resolver-dns-classes-macos:4.1.86.Final
2022-12-29 12:41:14,917 [Worker-3: Download sources and javadoc] INFO  o.e.m.c.i.e.AbstractTransferListenerAdapter - Downloaded https://artifactory-oss.prod.netflix.net/artifactory/maven-oss-candidates/io/netty/netty-transport-native-epoll/4.1.86.Final/netty-transport-native-epoll-4.1.86.Final-sources.jar
2022-12-29 12:41:15,471 [Worker-3: Download sources and javadoc] INFO  o.e.m.c.i.e.AbstractTransferListenerAdapter - Downloading https://repo.maven.apache.org/maven2/io/netty/netty-transport-native-epoll/4.1.86.Final/netty-transport-native-epoll-4.1.86.Final-sources.jar
2022-12-29 12:41:15,745 [Worker-3: Download sources and javadoc] INFO  o.e.m.c.i.e.AbstractTransferListenerAdapter - Downloaded https://repo.maven.apache.org/maven2/io/netty/netty-transport-native-epoll/4.1.86.Final/netty-transport-native-epoll-4.1.86.Final-sources.jar
2022-12-29 12:41:15,747 [Worker-3: Download sources and javadoc] INFO  o.e.m.j.internal.DownloadSourcesJob - Downloaded sources for io.netty:netty-transport-native-epoll:4.1.86.Finallinux-x86_64
2022-12-29 12:41:17,100 [Worker-3: Download sources and javadoc] INFO  o.e.m.c.i.e.AbstractTransferListenerAdapter - Downloaded https://artifactory-oss.prod.netflix.net/artifactory/maven-oss-candidates/io/netty/netty-transport-native-unix-common/4.1.86.Final/netty-transport-native-unix-common-4.1.86.Final-sources.jar
2022-12-29 12:41:17,661 [Worker-3: Download sources and javadoc] INFO  o.e.m.c.i.e.AbstractTransferListenerAdapter - Downloading https://repo.maven.apache.org/maven2/io/netty/netty-transport-native-unix-common/4.1.86.Final/netty-transport-native-unix-common-4.1.86.Final-sources.jar
2022-12-29 12:41:17,968 [Worker-3: Download sources and javadoc] INFO  o.e.m.c.i.e.AbstractTransferListenerAdapter - Downloaded https://repo.maven.apache.org/maven2/io/netty/netty-transport-native-unix-common/4.1.86.Final/netty-transport-native-unix-common-4.1.86.Final-sources.jar
2022-12-29 12:41:17,970 [Worker-3: Download sources and javadoc] INFO  o.e.m.j.internal.DownloadSourcesJob - Downloaded sources for io.netty:netty-transport-native-unix-common:4.1.86.Final
2022-12-29 12:41:19,358 [Worker-3: Download sources and javadoc] INFO  o.e.m.c.i.e.AbstractTransferListenerAdapter - Downloaded https://artifactory-oss.prod.netflix.net/artifactory/maven-oss-candidates/io/netty/netty-transport-classes-epoll/4.1.86.Final/netty-transport-classes-epoll-4.1.86.Final-sources.jar
2022-12-29 12:41:19,866 [Worker-3: Download sources and javadoc] INFO  o.e.m.c.i.e.AbstractTransferListenerAdapter - Downloading https://repo.maven.apache.org/maven2/io/netty/netty-transport-classes-epoll/4.1.86.Final/netty-transport-classes-epoll-4.1.86.Final-sources.jar
2022-12-29 12:41:20,161 [Worker-3: Download sources and javadoc] INFO  o.e.m.c.i.e.AbstractTransferListenerAdapter - Downloaded https://repo.maven.apache.org/maven2/io/netty/netty-transport-classes-epoll/4.1.86.Final/netty-transport-classes-epoll-4.1.86.Final-sources.jar
2022-12-29 12:41:20,162 [Worker-3: Download sources and javadoc] INFO  o.e.m.j.internal.DownloadSourcesJob - Downloaded sources for io.netty:netty-transport-classes-epoll:4.1.86.Final
2022-12-29 12:41:21,466 [Worker-3: Download sources and javadoc] INFO  o.e.m.c.i.e.AbstractTransferListenerAdapter - Downloaded https://artifactory-oss.prod.netflix.net/artifactory/maven-oss-candidates/io/projectreactor/netty/reactor-netty-core/1.1.1/reactor-netty-core-1.1.1-sources.jar
2022-12-29 12:41:21,977 [Worker-3: Download sources and javadoc] INFO  o.e.m.c.i.e.AbstractTransferListenerAdapter - Downloading https://repo.maven.apache.org/maven2/io/projectreactor/netty/reactor-netty-core/1.1.1/reactor-netty-core-1.1.1-sources.jar
2022-12-29 12:41:22,411 [Worker-3: Download sources and javadoc] INFO  o.e.m.c.i.e.AbstractTransferListenerAdapter - Downloaded https://repo.maven.apache.org/maven2/io/projectreactor/netty/reactor-netty-core/1.1.1/reactor-netty-core-1.1.1-sources.jar
2022-12-29 12:41:22,415 [Worker-3: Download sources and javadoc] INFO  o.e.m.j.internal.DownloadSourcesJob - Downloaded sources for io.projectreactor.netty:reactor-netty-core:1.1.1
2022-12-29 12:41:23,728 [Worker-3: Download sources and javadoc] INFO  o.e.m.c.i.e.AbstractTransferListenerAdapter - Downloaded https://artifactory-oss.prod.netflix.net/artifactory/maven-oss-candidates/io/netty/netty-handler-proxy/4.1.86.Final/netty-handler-proxy-4.1.86.Final-sources.jar
2022-12-29 12:41:24,227 [Worker-3: Download sources and javadoc] INFO  o.e.m.c.i.e.AbstractTransferListenerAdapter - Downloading https://repo.maven.apache.org/maven2/io/netty/netty-handler-proxy/4.1.86.Final/netty-handler-proxy-4.1.86.Final-sources.jar
2022-12-29 12:41:24,474 [Worker-3: Download sources and javadoc] INFO  o.e.m.c.i.e.AbstractTransferListenerAdapter - Downloaded https://repo.maven.apache.org/maven2/io/netty/netty-handler-proxy/4.1.86.Final/netty-handler-proxy-4.1.86.Final-sources.jar
2022-12-29 12:41:24,476 [Worker-3: Download sources and javadoc] INFO  o.e.m.j.internal.DownloadSourcesJob - Downloaded sources for io.netty:netty-handler-proxy:4.1.86.Final
2022-12-29 12:41:25,795 [Worker-3: Download sources and javadoc] INFO  o.e.m.c.i.e.AbstractTransferListenerAdapter - Downloaded https://artifactory-oss.prod.netflix.net/artifactory/maven-oss-candidates/io/netty/netty-codec-socks/4.1.86.Final/netty-codec-socks-4.1.86.Final-sources.jar
2022-12-29 12:41:26,282 [Worker-3: Download sources and javadoc] INFO  o.e.m.c.i.e.AbstractTransferListenerAdapter - Downloading https://repo.maven.apache.org/maven2/io/netty/netty-codec-socks/4.1.86.Final/netty-codec-socks-4.1.86.Final-sources.jar
2022-12-29 12:41:26,562 [Worker-3: Download sources and javadoc] INFO  o.e.m.c.i.e.AbstractTransferListenerAdapter - Downloaded https://repo.maven.apache.org/maven2/io/netty/netty-codec-socks/4.1.86.Final/netty-codec-socks-4.1.86.Final-sources.jar
2022-12-29 12:41:26,566 [Worker-3: Download sources and javadoc] INFO  o.e.m.j.internal.DownloadSourcesJob - Downloaded sources for io.netty:netty-codec-socks:4.1.86.Final
2022-12-29 12:41:27,898 [Worker-3: Download sources and javadoc] INFO  o.e.m.c.i.e.AbstractTransferListenerAdapter - Downloaded https://artifactory-oss.prod.netflix.net/artifactory/maven-oss-candidates/org/springframework/spring-webflux/6.0.3/spring-webflux-6.0.3-sources.jar
2022-12-29 12:41:28,419 [Worker-3: Download sources and javadoc] INFO  o.e.m.c.i.e.AbstractTransferListenerAdapter - Downloading https://repo.maven.apache.org/maven2/org/springframework/spring-webflux/6.0.3/spring-webflux-6.0.3-sources.jar
2022-12-29 12:41:29,048 [Worker-3: Download sources and javadoc] INFO  o.e.m.c.i.e.AbstractTransferListenerAdapter - Downloaded https://repo.maven.apache.org/maven2/org/springframework/spring-webflux/6.0.3/spring-webflux-6.0.3-sources.jar
2022-12-29 12:41:29,052 [Worker-3: Download sources and javadoc] INFO  o.e.m.j.internal.DownloadSourcesJob - Downloaded sources for org.springframework:spring-webflux:6.0.3
2022-12-29 12:41:30,357 [Worker-3: Download sources and javadoc] INFO  o.e.m.c.i.e.AbstractTransferListenerAdapter - Downloaded https://artifactory-oss.prod.netflix.net/artifactory/maven-oss-candidates/org/springframework/cloud/spring-cloud-starter-gateway/4.0.0/spring-cloud-starter-gateway-4.0.0-sources.jar
2022-12-29 12:41:30,863 [Worker-3: Download sources and javadoc] INFO  o.e.m.c.i.e.AbstractTransferListenerAdapter - Downloaded https://repo.maven.apache.org/maven2/org/springframework/cloud/spring-cloud-starter-gateway/4.0.0/spring-cloud-starter-gateway-4.0.0-sources.jar
2022-12-29 12:41:30,865 [Worker-3: Download sources and javadoc] ERROR o.e.m.j.internal.DownloadSourcesJob - Could not download sources for org.springframework.cloud:spring-cloud-starter-gateway:4.0.0
org.eclipse.core.runtime.CoreException: Could not resolve artifact org.springframework.cloud:spring-cloud-starter-gateway:jar:sources:4.0.0
	at org.eclipse.m2e.core.internal.embedder.MavenImpl.lambda$6(MavenImpl.java:608)
	at org.eclipse.m2e.core.internal.embedder.MavenExecutionContext.executeBare(MavenExecutionContext.java:350)
	at org.eclipse.m2e.core.internal.embedder.MavenExecutionContext.execute(MavenExecutionContext.java:219)
	at org.eclipse.m2e.core.internal.embedder.MavenExecutionContext.execute(MavenExecutionContext.java:205)
	at org.eclipse.m2e.core.internal.embedder.MavenImpl.resolve(MavenImpl.java:577)
	at org.eclipse.m2e.core.internal.embedder.MavenImpl.resolve(MavenImpl.java:562)
	at org.eclipse.m2e.jdt.internal.DownloadSourcesJob.download(DownloadSourcesJob.java:308)
	at org.eclipse.m2e.jdt.internal.DownloadSourcesJob.downloadAttachments(DownloadSourcesJob.java:282)
	at org.eclipse.m2e.jdt.internal.DownloadSourcesJob.downloadMaven(DownloadSourcesJob.java:252)
	at org.eclipse.m2e.jdt.internal.DownloadSourcesJob.downloadFilesAndPopulateToUpdate(DownloadSourcesJob.java:220)
	at org.eclipse.m2e.jdt.internal.DownloadSourcesJob.lambda$0(DownloadSourcesJob.java:149)
	at org.eclipse.m2e.core.internal.embedder.MavenExecutionContext.executeBare(MavenExecutionContext.java:350)
	at org.eclipse.m2e.core.internal.embedder.MavenExecutionContext.execute(MavenExecutionContext.java:262)
	at org.eclipse.m2e.core.internal.embedder.MavenExecutionContext.execute(MavenExecutionContext.java:205)
	at org.eclipse.m2e.core.embedder.IMaven.execute(IMaven.java:270)
	at org.eclipse.m2e.jdt.internal.DownloadSourcesJob.run(DownloadSourcesJob.java:149)
	at org.eclipse.core.internal.jobs.Worker.run(Worker.java:63)
2022-12-29 12:41:32,190 [Worker-3: Download sources and javadoc] INFO  o.e.m.c.i.e.AbstractTransferListenerAdapter - Downloaded https://artifactory-oss.prod.netflix.net/artifactory/maven-oss-candidates/org/springframework/cloud/spring-cloud-gateway-server/4.0.0/spring-cloud-gateway-server-4.0.0-sources.jar
2022-12-29 12:41:32,698 [Worker-3: Download sources and javadoc] INFO  o.e.m.c.i.e.AbstractTransferListenerAdapter - Downloading https://repo.maven.apache.org/maven2/org/springframework/cloud/spring-cloud-gateway-server/4.0.0/spring-cloud-gateway-server-4.0.0-sources.jar
2022-12-29 12:41:33,210 [Worker-3: Download sources and javadoc] INFO  o.e.m.c.i.e.AbstractTransferListenerAdapter - Downloaded https://repo.maven.apache.org/maven2/org/springframework/cloud/spring-cloud-gateway-server/4.0.0/spring-cloud-gateway-server-4.0.0-sources.jar
2022-12-29 12:41:33,214 [Worker-3: Download sources and javadoc] INFO  o.e.m.j.internal.DownloadSourcesJob - Downloaded sources for org.springframework.cloud:spring-cloud-gateway-server:4.0.0
2022-12-29 12:41:34,515 [Worker-3: Download sources and javadoc] INFO  o.e.m.c.i.e.AbstractTransferListenerAdapter - Downloaded https://artifactory-oss.prod.netflix.net/artifactory/maven-oss-candidates/org/springframework/boot/spring-boot-starter-validation/3.0.1/spring-boot-starter-validation-3.0.1-sources.jar
2022-12-29 12:41:35,082 [Worker-3: Download sources and javadoc] INFO  o.e.m.c.i.e.AbstractTransferListenerAdapter - Downloading https://repo.maven.apache.org/maven2/org/springframework/boot/spring-boot-starter-validation/3.0.1/spring-boot-starter-validation-3.0.1-sources.jar
2022-12-29 12:41:35,356 [Worker-3: Download sources and javadoc] INFO  o.e.m.c.i.e.AbstractTransferListenerAdapter - Downloaded https://repo.maven.apache.org/maven2/org/springframework/boot/spring-boot-starter-validation/3.0.1/spring-boot-starter-validation-3.0.1-sources.jar
2022-12-29 12:41:35,359 [Worker-3: Download sources and javadoc] INFO  o.e.m.j.internal.DownloadSourcesJob - Downloaded sources for org.springframework.boot:spring-boot-starter-validation:3.0.1
2022-12-29 12:41:36,668 [Worker-3: Download sources and javadoc] INFO  o.e.m.c.i.e.AbstractTransferListenerAdapter - Downloaded https://artifactory-oss.prod.netflix.net/artifactory/maven-oss-candidates/org/hibernate/validator/hibernate-validator/8.0.0.Final/hibernate-validator-8.0.0.Final-sources.jar
2022-12-29 12:41:37,221 [Worker-3: Download sources and javadoc] INFO  o.e.m.c.i.e.AbstractTransferListenerAdapter - Downloading https://repo.maven.apache.org/maven2/org/hibernate/validator/hibernate-validator/8.0.0.Final/hibernate-validator-8.0.0.Final-sources.jar
2022-12-29 12:41:37,981 [Worker-3: Download sources and javadoc] INFO  o.e.m.c.i.e.AbstractTransferListenerAdapter - Downloaded https://repo.maven.apache.org/maven2/org/hibernate/validator/hibernate-validator/8.0.0.Final/hibernate-validator-8.0.0.Final-sources.jar
2022-12-29 12:41:37,982 [Worker-3: Download sources and javadoc] INFO  o.e.m.j.internal.DownloadSourcesJob - Downloaded sources for org.hibernate.validator:hibernate-validator:8.0.0.Final
2022-12-29 12:41:39,026 [Worker-3: Download sources and javadoc] INFO  o.e.m.c.i.e.AbstractTransferListenerAdapter - Downloaded https://artifactory-oss.prod.netflix.net/artifactory/maven-oss-candidates/io/projectreactor/reactor-test/3.5.1/reactor-test-3.5.1-sources.jar
2022-12-29 12:41:39,520 [Worker-3: Download sources and javadoc] INFO  o.e.m.c.i.e.AbstractTransferListenerAdapter - Downloading https://repo.maven.apache.org/maven2/io/projectreactor/reactor-test/3.5.1/reactor-test-3.5.1-sources.jar
2022-12-29 12:41:39,806 [Worker-3: Download sources and javadoc] INFO  o.e.m.c.i.e.AbstractTransferListenerAdapter - Downloaded https://repo.maven.apache.org/maven2/io/projectreactor/reactor-test/3.5.1/reactor-test-3.5.1-sources.jar
2022-12-29 12:41:39,808 [Worker-3: Download sources and javadoc] INFO  o.e.m.j.internal.DownloadSourcesJob - Downloaded sources for io.projectreactor:reactor-test:3.5.1
2022-12-29 12:41:40,256 [Worker-6: Building] INFO  o.a.m.s.f.DefaultMavenResourcesFiltering - Copying 0 resource
2022-12-29 12:41:40,256 [Worker-6: Building] INFO  o.a.m.s.f.DefaultMavenResourcesFiltering - Copying 0 resource
2022-12-29 12:41:40,259 [Worker-6: Building] INFO  o.a.m.s.f.DefaultMavenResourcesFiltering - skip non existing resourceDirectory D:\MicroServices Project\ApiGateway\ApiGateway\src\test\resources
2022-12-29 12:42:35,042 [Worker-6: Building] INFO  o.a.m.s.f.DefaultMavenResourcesFiltering - Copying 1 resource
2022-12-29 12:42:35,047 [Worker-6: Building] INFO  o.a.m.s.f.DefaultMavenResourcesFiltering - Copying 0 resource
2022-12-29 12:42:35,050 [Worker-6: Building] INFO  o.a.m.s.f.DefaultMavenResourcesFiltering - skip non existing resourceDirectory D:\MicroServices Project\ApiGateway\ApiGateway\src\test\resources
2022-12-29 12:42:38,460 [Worker-13: Building] INFO  o.a.m.s.f.DefaultMavenResourcesFiltering - Copying 1 resource
2022-12-29 12:42:38,464 [Worker-13: Building] INFO  o.a.m.s.f.DefaultMavenResourcesFiltering - Copying 0 resource
2022-12-29 12:42:38,467 [Worker-13: Building] INFO  o.a.m.s.f.DefaultMavenResourcesFiltering - skip non existing resourceDirectory D:\MicroServices Project\ApiGateway\ApiGateway\src\test\resources
2022-12-29 12:43:16,339 [Worker-10: Building] INFO  o.a.m.s.f.DefaultMavenResourcesFiltering - Copying 0 resource
2022-12-29 12:43:16,340 [Worker-10: Building] INFO  o.a.m.s.f.DefaultMavenResourcesFiltering - Copying 0 resource
2022-12-29 12:43:16,342 [Worker-10: Building] INFO  o.a.m.s.f.DefaultMavenResourcesFiltering - skip non existing resourceDirectory D:\MicroServices Project\ApiGateway\ApiGateway\src\test\resources
2022-12-29 12:43:38,130 [Worker-12: Building] INFO  o.a.m.s.f.DefaultMavenResourcesFiltering - Copying 1 resource
2022-12-29 12:43:38,132 [Worker-12: Building] INFO  o.a.m.s.f.DefaultMavenResourcesFiltering - Copying 0 resource
2022-12-29 12:43:38,134 [Worker-12: Building] INFO  o.a.m.s.f.DefaultMavenResourcesFiltering - skip non existing resourceDirectory D:\MicroServices Project\ApiGateway\ApiGateway\src\test\resources
2022-12-29 12:43:55,374 [Worker-16: Building] INFO  o.a.m.s.f.DefaultMavenResourcesFiltering - Copying 1 resource
2022-12-29 12:43:55,378 [Worker-16: Building] INFO  o.a.m.s.f.DefaultMavenResourcesFiltering - skip non existing resourceDirectory D:\MicroServices Project\ApiGateway\ApiGateway\src\test\resources
2022-12-29 12:44:50,709 [Worker-15: Building] INFO  o.a.m.s.f.DefaultMavenResourcesFiltering - Copying 1 resource
2022-12-29 12:44:50,721 [Worker-15: Building] INFO  o.a.m.s.f.DefaultMavenResourcesFiltering - skip non existing resourceDirectory D:\MicroServices Project\ApiGateway\ApiGateway\src\test\resources
2022-12-29 12:45:38,163 [Worker-10: Download sources and javadoc] INFO  o.e.m.c.i.e.AbstractTransferListenerAdapter - Downloaded https://artifactory-oss.prod.netflix.net/artifactory/maven-oss-candidates/io/netty/netty-resolver-dns-native-macos/4.1.86.Final/netty-resolver-dns-native-macos-4.1.86.Final-javadoc.jar
2022-12-29 12:45:38,714 [Worker-10: Download sources and javadoc] INFO  o.e.m.c.i.e.AbstractTransferListenerAdapter - Downloaded https://repo.maven.apache.org/maven2/io/netty/netty-resolver-dns-native-macos/4.1.86.Final/netty-resolver-dns-native-macos-4.1.86.Final-javadoc.jar
2022-12-29 12:45:38,715 [Worker-10: Download sources and javadoc] ERROR o.e.m.j.internal.DownloadSourcesJob - Could not download javadoc for io.netty:netty-resolver-dns-native-macos:4.1.86.Finalosx-x86_64
org.eclipse.core.runtime.CoreException: Could not resolve artifact io.netty:netty-resolver-dns-native-macos:jar:javadoc:4.1.86.Final
	at org.eclipse.m2e.core.internal.embedder.MavenImpl.lambda$6(MavenImpl.java:608)
	at org.eclipse.m2e.core.internal.embedder.MavenExecutionContext.executeBare(MavenExecutionContext.java:350)
	at org.eclipse.m2e.core.internal.embedder.MavenExecutionContext.execute(MavenExecutionContext.java:219)
	at org.eclipse.m2e.core.internal.embedder.MavenExecutionContext.execute(MavenExecutionContext.java:205)
	at org.eclipse.m2e.core.internal.embedder.MavenImpl.resolve(MavenImpl.java:577)
	at org.eclipse.m2e.core.internal.embedder.MavenImpl.resolve(MavenImpl.java:562)
	at org.eclipse.m2e.jdt.internal.DownloadSourcesJob.download(DownloadSourcesJob.java:308)
	at org.eclipse.m2e.jdt.internal.DownloadSourcesJob.downloadAttachments(DownloadSourcesJob.java:294)
	at org.eclipse.m2e.jdt.internal.DownloadSourcesJob.downloadMaven(DownloadSourcesJob.java:252)
	at org.eclipse.m2e.jdt.internal.DownloadSourcesJob.downloadFilesAndPopulateToUpdate(DownloadSourcesJob.java:220)
	at org.eclipse.m2e.jdt.internal.DownloadSourcesJob.lambda$0(DownloadSourcesJob.java:149)
	at org.eclipse.m2e.core.internal.embedder.MavenExecutionContext.executeBare(MavenExecutionContext.java:350)
	at org.eclipse.m2e.core.internal.embedder.MavenExecutionContext.execute(MavenExecutionContext.java:262)
	at org.eclipse.m2e.core.internal.embedder.MavenExecutionContext.execute(MavenExecutionContext.java:205)
	at org.eclipse.m2e.core.embedder.IMaven.execute(IMaven.java:270)
	at org.eclipse.m2e.jdt.internal.DownloadSourcesJob.run(DownloadSourcesJob.java:149)
	at org.eclipse.core.internal.jobs.Worker.run(Worker.java:63)
2022-12-29 12:45:39,787 [Worker-10: Download sources and javadoc] INFO  o.e.m.c.i.e.AbstractTransferListenerAdapter - Downloaded https://artifactory-oss.prod.netflix.net/artifactory/maven-oss-candidates/org/springframework/cloud/spring-cloud-starter-gateway/4.0.0/spring-cloud-starter-gateway-4.0.0-javadoc.jar
2022-12-29 12:45:40,297 [Worker-10: Download sources and javadoc] INFO  o.e.m.c.i.e.AbstractTransferListenerAdapter - Downloading https://repo.maven.apache.org/maven2/org/springframework/cloud/spring-cloud-starter-gateway/4.0.0/spring-cloud-starter-gateway-4.0.0-javadoc.jar
2022-12-29 12:45:40,548 [Worker-10: Download sources and javadoc] INFO  o.e.m.c.i.e.AbstractTransferListenerAdapter - Downloaded https://repo.maven.apache.org/maven2/org/springframework/cloud/spring-cloud-starter-gateway/4.0.0/spring-cloud-starter-gateway-4.0.0-javadoc.jar
2022-12-29 12:45:40,549 [Worker-10: Download sources and javadoc] INFO  o.e.m.j.internal.DownloadSourcesJob - Downloaded javadoc for org.springframework.cloud:spring-cloud-starter-gateway:4.0.0
2022-12-29 12:45:40,857 [Worker-13: Building] INFO  o.a.m.s.f.DefaultMavenResourcesFiltering - Copying 0 resource
2022-12-29 12:45:40,857 [Worker-13: Building] INFO  o.a.m.s.f.DefaultMavenResourcesFiltering - Copying 0 resource
2022-12-29 12:45:40,858 [Worker-13: Building] INFO  o.a.m.s.f.DefaultMavenResourcesFiltering - skip non existing resourceDirectory D:\MicroServices Project\ApiGateway\ApiGateway\src\test\resources
2022-12-29 12:46:58,710 [Worker-13: Building] INFO  o.a.m.s.f.DefaultMavenResourcesFiltering - Copying 1 resource
2022-12-29 12:46:58,720 [Worker-13: Building] INFO  o.a.m.s.f.DefaultMavenResourcesFiltering - skip non existing resourceDirectory D:\MicroServices Project\ApiGateway\ApiGateway\src\test\resources
2022-12-29 12:48:28,698 [Worker-17: Building] INFO  o.a.m.s.f.DefaultMavenResourcesFiltering - Copying 0 resource
2022-12-29 12:48:28,699 [Worker-17: Building] INFO  o.a.m.s.f.DefaultMavenResourcesFiltering - Copying 0 resource
2022-12-29 12:48:28,701 [Worker-17: Building] INFO  o.a.m.s.f.DefaultMavenResourcesFiltering - skip non existing resourceDirectory D:\MicroServices Project\ApiGateway\ApiGateway\src\test\resources
2022-12-29 12:48:32,157 [Worker-15: Building] INFO  o.a.m.s.f.DefaultMavenResourcesFiltering - Copying 1 resource
2022-12-29 12:48:32,158 [Worker-15: Building] INFO  o.a.m.s.f.DefaultMavenResourcesFiltering - Copying 0 resource
2022-12-29 12:48:32,159 [Worker-15: Building] INFO  o.a.m.s.f.DefaultMavenResourcesFiltering - skip non existing resourceDirectory D:\MicroServices Project\ApiGateway\ApiGateway\src\test\resources
2022-12-29 12:48:57,297 [Worker-16: Building] INFO  o.a.m.s.f.DefaultMavenResourcesFiltering - Copying 1 resource
2022-12-29 12:48:57,301 [Worker-16: Building] INFO  o.a.m.s.f.DefaultMavenResourcesFiltering - Copying 0 resource
2022-12-29 12:48:57,302 [Worker-16: Building] INFO  o.a.m.s.f.DefaultMavenResourcesFiltering - skip non existing resourceDirectory D:\MicroServices Project\ApiGateway\ApiGateway\src\test\resources
2022-12-29 12:49:27,435 [Worker-12: Building] INFO  o.a.m.s.f.DefaultMavenResourcesFiltering - Copying 1 resource
2022-12-29 12:49:27,438 [Worker-12: Building] INFO  o.a.m.s.f.DefaultMavenResourcesFiltering - Copying 0 resource
2022-12-29 12:49:27,439 [Worker-12: Building] INFO  o.a.m.s.f.DefaultMavenResourcesFiltering - skip non existing resourceDirectory D:\MicroServices Project\ApiGateway\ApiGateway\src\test\resources
2022-12-29 12:50:46,371 [Worker-11: Building] INFO  o.a.m.s.f.DefaultMavenResourcesFiltering - Copying 1 resource
2022-12-29 12:50:46,374 [Worker-11: Building] INFO  o.a.m.s.f.DefaultMavenResourcesFiltering - Copying 0 resource
2022-12-29 12:50:46,375 [Worker-11: Building] INFO  o.a.m.s.f.DefaultMavenResourcesFiltering - skip non existing resourceDirectory D:\MicroServices Project\ApiGateway\ApiGateway\src\test\resources
2022-12-29 14:15:19,705 [Worker-29: Building] INFO  o.a.m.s.f.DefaultMavenResourcesFiltering - Copying 1 resource
2022-12-29 14:15:19,775 [Worker-29: Building] INFO  o.a.m.s.f.DefaultMavenResourcesFiltering - Copying 0 resource
2022-12-29 14:15:19,780 [Worker-29: Building] INFO  o.a.m.s.f.DefaultMavenResourcesFiltering - skip non existing resourceDirectory D:\MicroServices Project\ApiGateway\ApiGateway\src\test\resources
2022-12-29 14:25:10,366 [Worker-37: Building] INFO  o.a.m.s.f.DefaultMavenResourcesFiltering - Copying 1 resource
2022-12-29 14:25:10,457 [Worker-37: Building] INFO  o.a.m.s.f.DefaultMavenResourcesFiltering - Copying 0 resource
2022-12-29 14:25:10,473 [Worker-37: Building] INFO  o.a.m.s.f.DefaultMavenResourcesFiltering - skip non existing resourceDirectory D:\MicroServices Project\ApiGateway\ApiGateway\src\test\resources
2022-12-29 14:34:01,203 [Worker-39: Building] INFO  o.a.m.s.f.DefaultMavenResourcesFiltering - Copying 1 resource
2022-12-29 14:34:01,217 [Worker-39: Building] INFO  o.a.m.s.f.DefaultMavenResourcesFiltering - Copying 0 resource
2022-12-29 14:34:01,219 [Worker-39: Building] INFO  o.a.m.s.f.DefaultMavenResourcesFiltering - skip non existing resourceDirectory D:\MicroServices Project\ApiGateway\ApiGateway\src\test\resources
2022-12-29 14:34:55,825 [Worker-40: Building] INFO  o.a.m.s.f.DefaultMavenResourcesFiltering - Copying 1 resource
2022-12-29 14:34:55,833 [Worker-40: Building] INFO  o.a.m.s.f.DefaultMavenResourcesFiltering - Copying 0 resource
2022-12-29 14:34:55,834 [Worker-40: Building] INFO  o.a.m.s.f.DefaultMavenResourcesFiltering - skip non existing resourceDirectory D:\MicroServices Project\ApiGateway\ApiGateway\src\test\resources
2022-12-29 14:37:52,678 [Worker-39: Building] INFO  o.a.m.s.f.DefaultMavenResourcesFiltering - Copying 1 resource
2022-12-29 14:37:52,683 [Worker-39: Building] INFO  o.a.m.s.f.DefaultMavenResourcesFiltering - Copying 0 resource
2022-12-29 14:37:52,685 [Worker-39: Building] INFO  o.a.m.s.f.DefaultMavenResourcesFiltering - skip non existing resourceDirectory D:\MicroServices Project\ApiGateway\ApiGateway\src\test\resources
2022-12-29 15:59:06,502 [Worker-57: Building] INFO  o.a.m.s.f.DefaultMavenResourcesFiltering - Copying 1 resource
2022-12-29 15:59:06,605 [Worker-57: Building] INFO  o.a.m.s.f.DefaultMavenResourcesFiltering - Copying 0 resource
2022-12-29 15:59:06,614 [Worker-57: Building] INFO  o.a.m.s.f.DefaultMavenResourcesFiltering - skip non existing resourceDirectory D:\MicroServices Project\ApiGateway\ApiGateway\src\test\resources
